<?xml version="1.0" encoding="UTF-8"?>
<testsuite xmlns:xsi="http://www.w3.org/2001/XMLSchema-instance" xsi:noNamespaceSchemaLocation="https://maven.apache.org/surefire/maven-surefire-plugin/xsd/surefire-test-report-3.0.xsd" version="3.0" name="com.prosphere.ras.WorkhistoryTests" time="0.503" tests="5" errors="0" skipped="0" failures="0">
  <properties>
[...]
</properties>
  <testcase name="testDeleteByObj" classname="com.prosphere.ras.WorkhistoryTests" time="0.058">
    <system-out><![CDATA[&amp#27;[35m[Hibernate]&amp#27;[0m 
    &amp#27;[34mselect&amp#27;[0m
        a1_0.id,
        a1_0.apartment,
        a1_0.building,
        a1_0.first_name,
        a1_0.last_name,
        a1_0.middle_name,
        s1_0.id,
        s1_0.name,
        a1_0.sought_salary,
        a1_0.street,
        a2_0.applicant_id,
        a2_0.speciality_id,
        s2_0.id,
        s2_0.name,
        a2_0.university_id,
        u1_0.id,
        u1_0.name 
    &amp#27;[34mfrom&amp#27;[0m
        applicant a1_0 
    &amp#27;[34mleft&amp#27;[0m &amp#27;[34mjoin&amp#27;[0m
        position s1_0 
            &amp#27;[34mon&amp#27;[0m s1_0.id=a1_0.sought_post 
    &amp#27;[34mleft&amp#27;[0m &amp#27;[34mjoin&amp#27;[0m
        education a2_0 
            &amp#27;[34mon&amp#27;[0m a1_0.id=a2_0.applicant_id 
    &amp#27;[34mleft&amp#27;[0m &amp#27;[34mjoin&amp#27;[0m
        speciality s2_0 
            &amp#27;[34mon&amp#27;[0m s2_0.id=a2_0.speciality_id 
    &amp#27;[34mleft&amp#27;[0m &amp#27;[34mjoin&amp#27;[0m
        university u1_0 
            &amp#27;[34mon&amp#27;[0m u1_0.id=a2_0.university_id 
    &amp#27;[34mwhere&amp#27;[0m
        a1_0.id=?
&amp#27;[35m[Hibernate]&amp#27;[0m 
    &amp#27;[34mselect&amp#27;[0m
        a1_0.applicant_id,
        a1_0.company_id,
        c1_0.id,
        c1_0.name,
        a1_0.position_id,
        p1_0.id,
        p1_0.name,
        a1_0.end_date,
        a1_0.salary,
        a1_0.start_date 
    &amp#27;[34mfrom&amp#27;[0m
        workhistory a1_0 
    &amp#27;[34mjoin&amp#27;[0m
        company c1_0 
            &amp#27;[34mon&amp#27;[0m c1_0.id=a1_0.company_id 
    &amp#27;[34mjoin&amp#27;[0m
        position p1_0 
            &amp#27;[34mon&amp#27;[0m p1_0.id=a1_0.position_id 
    &amp#27;[34mwhere&amp#27;[0m
        a1_0.applicant_id=?
&amp#27;[35m[Hibernate]&amp#27;[0m 
    &amp#27;[34mselect&amp#27;[0m
        c1_0.company_id,
        c1_0.position_id,
        p1_0.id,
        p1_0.name,
        c1_0.req_exp,
        r1_0.id,
        r1_0.name,
        c1_0.salary 
    &amp#27;[34mfrom&amp#27;[0m
        vacancy c1_0 
    &amp#27;[34mjoin&amp#27;[0m
        position p1_0 
            &amp#27;[34mon&amp#27;[0m p1_0.id=c1_0.position_id 
    &amp#27;[34mleft&amp#27;[0m &amp#27;[34mjoin&amp#27;[0m
        speciality r1_0 
            &amp#27;[34mon&amp#27;[0m r1_0.id=c1_0.req_spec 
    &amp#27;[34mwhere&amp#27;[0m
        c1_0.company_id=?
&amp#27;[35m[Hibernate]&amp#27;[0m 
    &amp#27;[34mselect&amp#27;[0m
        c1_0.company_id,
        c1_0.position_id,
        p1_0.id,
        p1_0.name,
        c1_0.req_exp,
        r1_0.id,
        r1_0.name,
        c1_0.salary 
    &amp#27;[34mfrom&amp#27;[0m
        vacancy c1_0 
    &amp#27;[34mjoin&amp#27;[0m
        position p1_0 
            &amp#27;[34mon&amp#27;[0m p1_0.id=c1_0.position_id 
    &amp#27;[34mleft&amp#27;[0m &amp#27;[34mjoin&amp#27;[0m
        speciality r1_0 
            &amp#27;[34mon&amp#27;[0m r1_0.id=c1_0.req_spec 
    &amp#27;[34mwhere&amp#27;[0m
        c1_0.company_id=?
&amp#27;[35m[Hibernate]&amp#27;[0m 
    &amp#27;[34mselect&amp#27;[0m
        c1_0.id,
        c1_0.name,
        c2_0.company_id,
        c2_0.position_id,
        p1_0.id,
        p1_0.name,
        c2_0.req_exp,
        r1_0.id,
        r1_0.name,
        c2_0.salary 
    &amp#27;[34mfrom&amp#27;[0m
        company c1_0 
    &amp#27;[34mleft&amp#27;[0m &amp#27;[34mjoin&amp#27;[0m
        vacancy c2_0 
            &amp#27;[34mon&amp#27;[0m c1_0.id=c2_0.company_id 
    &amp#27;[34mleft&amp#27;[0m &amp#27;[34mjoin&amp#27;[0m
        position p1_0 
            &amp#27;[34mon&amp#27;[0m p1_0.id=c2_0.position_id 
    &amp#27;[34mleft&amp#27;[0m &amp#27;[34mjoin&amp#27;[0m
        speciality r1_0 
            &amp#27;[34mon&amp#27;[0m r1_0.id=c2_0.req_spec 
    &amp#27;[34mwhere&amp#27;[0m
        c1_0.id=?
&amp#27;[35m[Hibernate]&amp#27;[0m 
    &amp#27;[34mselect&amp#27;[0m
        p1_0.id,
        p1_0.name 
    &amp#27;[34mfrom&amp#27;[0m
        position p1_0 
    &amp#27;[34mwhere&amp#27;[0m
        p1_0.id=?
&amp#27;[35m[Hibernate]&amp#27;[0m 
    &amp#27;[34mselect&amp#27;[0m
        p1_0.id,
        p1_0.name 
    &amp#27;[34mfrom&amp#27;[0m
        position p1_0 
    &amp#27;[34mwhere&amp#27;[0m
        p1_0.id=?
&amp#27;[35m[Hibernate]&amp#27;[0m 
    &amp#27;[34mselect&amp#27;[0m
        w1_0.applicant_id,
        a1_0.id,
        a1_0.apartment,
        a1_0.building,
        a1_0.first_name,
        a1_0.last_name,
        a1_0.middle_name,
        s1_0.id,
        s1_0.name,
        a1_0.sought_salary,
        a1_0.street,
        a2_0.applicant_id,
        a2_0.speciality_id,
        s2_0.id,
        s2_0.name,
        a2_0.university_id,
        u1_0.id,
        u1_0.name,
        w1_0.company_id,
        c1_0.id,
        c1_0.name,
        w1_0.position_id,
        p1_0.id,
        p1_0.name,
        w1_0.end_date,
        w1_0.salary,
        w1_0.start_date 
    &amp#27;[34mfrom&amp#27;[0m
        workhistory w1_0 
    &amp#27;[34mjoin&amp#27;[0m
        applicant a1_0 
            &amp#27;[34mon&amp#27;[0m a1_0.id=w1_0.applicant_id 
    &amp#27;[34mleft&amp#27;[0m &amp#27;[34mjoin&amp#27;[0m
        position s1_0 
            &amp#27;[34mon&amp#27;[0m s1_0.id=a1_0.sought_post 
    &amp#27;[34mleft&amp#27;[0m &amp#27;[34mjoin&amp#27;[0m
        education a2_0 
            &amp#27;[34mon&amp#27;[0m a1_0.id=a2_0.applicant_id 
    &amp#27;[34mleft&amp#27;[0m &amp#27;[34mjoin&amp#27;[0m
        speciality s2_0 
            &amp#27;[34mon&amp#27;[0m s2_0.id=a2_0.speciality_id 
    &amp#27;[34mleft&amp#27;[0m &amp#27;[34mjoin&amp#27;[0m
        university u1_0 
            &amp#27;[34mon&amp#27;[0m u1_0.id=a2_0.university_id 
    &amp#27;[34mjoin&amp#27;[0m
        company c1_0 
            &amp#27;[34mon&amp#27;[0m c1_0.id=w1_0.company_id 
    &amp#27;[34mjoin&amp#27;[0m
        position p1_0 
            &amp#27;[34mon&amp#27;[0m p1_0.id=w1_0.position_id 
    &amp#27;[34mwhere&amp#27;[0m
        (
            w1_0.applicant_id, w1_0.company_id, w1_0.position_id
        ) &amp#27;[34min&amp#27;[0m ((?, ?, ?))
&amp#27;[35m[Hibernate]&amp#27;[0m 
    &amp#27;[34minsert&amp#27;[0m 
    &amp#27;[34minto&amp#27;[0m
        workhistory
        (end_date, salary, start_date, applicant_id, company_id, position_id) 
    &amp#27;[34mvalues&amp#27;[0m
        (?, ?, ?, ?, ?, ?)
&amp#27;[35m[Hibernate]&amp#27;[0m 
    &amp#27;[34mselect&amp#27;[0m
        w1_0.applicant_id,
        w1_0.company_id,
        w1_0.position_id,
        w1_0.end_date,
        w1_0.salary,
        w1_0.start_date 
    &amp#27;[34mfrom&amp#27;[0m
        workhistory w1_0 
    &amp#27;[34mwhere&amp#27;[0m
        w1_0.applicant_id=? 
        &amp#27;[34mand&amp#27;[0m w1_0.company_id=? 
        &amp#27;[34mand&amp#27;[0m w1_0.position_id=?
&amp#27;[35m[Hibernate]&amp#27;[0m 
    &amp#27;[34mselect&amp#27;[0m
        a1_0.id,
        a1_0.apartment,
        a1_0.building,
        a1_0.first_name,
        a1_0.last_name,
        a1_0.middle_name,
        s1_0.id,
        s1_0.name,
        a1_0.sought_salary,
        a1_0.street,
        a2_0.applicant_id,
        a2_0.speciality_id,
        s2_0.id,
        s2_0.name,
        a2_0.university_id,
        u1_0.id,
        u1_0.name 
    &amp#27;[34mfrom&amp#27;[0m
        applicant a1_0 
    &amp#27;[34mleft&amp#27;[0m &amp#27;[34mjoin&amp#27;[0m
        position s1_0 
            &amp#27;[34mon&amp#27;[0m s1_0.id=a1_0.sought_post 
    &amp#27;[34mleft&amp#27;[0m &amp#27;[34mjoin&amp#27;[0m
        education a2_0 
            &amp#27;[34mon&amp#27;[0m a1_0.id=a2_0.applicant_id 
    &amp#27;[34mleft&amp#27;[0m &amp#27;[34mjoin&amp#27;[0m
        speciality s2_0 
            &amp#27;[34mon&amp#27;[0m s2_0.id=a2_0.speciality_id 
    &amp#27;[34mleft&amp#27;[0m &amp#27;[34mjoin&amp#27;[0m
        university u1_0 
            &amp#27;[34mon&amp#27;[0m u1_0.id=a2_0.university_id 
    &amp#27;[34mwhere&amp#27;[0m
        a1_0.id=?
&amp#27;[35m[Hibernate]&amp#27;[0m 
    &amp#27;[34mselect&amp#27;[0m
        c1_0.id,
        c1_0.name,
        c2_0.company_id,
        c2_0.position_id,
        p1_0.id,
        p1_0.name,
        c2_0.req_exp,
        r1_0.id,
        r1_0.name,
        c2_0.salary 
    &amp#27;[34mfrom&amp#27;[0m
        company c1_0 
    &amp#27;[34mleft&amp#27;[0m &amp#27;[34mjoin&amp#27;[0m
        vacancy c2_0 
            &amp#27;[34mon&amp#27;[0m c1_0.id=c2_0.company_id 
    &amp#27;[34mleft&amp#27;[0m &amp#27;[34mjoin&amp#27;[0m
        position p1_0 
            &amp#27;[34mon&amp#27;[0m p1_0.id=c2_0.position_id 
    &amp#27;[34mleft&amp#27;[0m &amp#27;[34mjoin&amp#27;[0m
        speciality r1_0 
            &amp#27;[34mon&amp#27;[0m r1_0.id=c2_0.req_spec 
    &amp#27;[34mwhere&amp#27;[0m
        c1_0.id=?
&amp#27;[35m[Hibernate]&amp#27;[0m 
    &amp#27;[34mselect&amp#27;[0m
        a1_0.applicant_id,
        a1_0.company_id,
        c1_0.id,
        c1_0.name,
        a1_0.position_id,
        p1_0.id,
        p1_0.name,
        a1_0.end_date,
        a1_0.salary,
        a1_0.start_date 
    &amp#27;[34mfrom&amp#27;[0m
        workhistory a1_0 
    &amp#27;[34mjoin&amp#27;[0m
        company c1_0 
            &amp#27;[34mon&amp#27;[0m c1_0.id=a1_0.company_id 
    &amp#27;[34mjoin&amp#27;[0m
        position p1_0 
            &amp#27;[34mon&amp#27;[0m p1_0.id=a1_0.position_id 
    &amp#27;[34mwhere&amp#27;[0m
        a1_0.applicant_id=?
&amp#27;[35m[Hibernate]&amp#27;[0m 
    &amp#27;[34mselect&amp#27;[0m
        c1_0.company_id,
        c1_0.position_id,
        p1_0.id,
        p1_0.name,
        c1_0.req_exp,
        r1_0.id,
        r1_0.name,
        c1_0.salary 
    &amp#27;[34mfrom&amp#27;[0m
        vacancy c1_0 
    &amp#27;[34mjoin&amp#27;[0m
        position p1_0 
            &amp#27;[34mon&amp#27;[0m p1_0.id=c1_0.position_id 
    &amp#27;[34mleft&amp#27;[0m &amp#27;[34mjoin&amp#27;[0m
        speciality r1_0 
            &amp#27;[34mon&amp#27;[0m r1_0.id=c1_0.req_spec 
    &amp#27;[34mwhere&amp#27;[0m
        c1_0.company_id=?
&amp#27;[35m[Hibernate]&amp#27;[0m 
    &amp#27;[34mselect&amp#27;[0m
        w1_0.applicant_id,
        w1_0.company_id,
        w1_0.position_id,
        w1_0.end_date,
        w1_0.salary,
        w1_0.start_date 
    &amp#27;[34mfrom&amp#27;[0m
        workhistory w1_0 
    &amp#27;[34mwhere&amp#27;[0m
        w1_0.applicant_id=? 
        &amp#27;[34mand&amp#27;[0m w1_0.company_id=? 
        &amp#27;[34mand&amp#27;[0m w1_0.position_id=?
&amp#27;[35m[Hibernate]&amp#27;[0m 
    &amp#27;[34mselect&amp#27;[0m
        a1_0.id,
        a1_0.apartment,
        a1_0.building,
        a1_0.first_name,
        a1_0.last_name,
        a1_0.middle_name,
        s1_0.id,
        s1_0.name,
        a1_0.sought_salary,
        a1_0.street,
        a2_0.applicant_id,
        a2_0.speciality_id,
        s2_0.id,
        s2_0.name,
        a2_0.university_id,
        u1_0.id,
        u1_0.name 
    &amp#27;[34mfrom&amp#27;[0m
        applicant a1_0 
    &amp#27;[34mleft&amp#27;[0m &amp#27;[34mjoin&amp#27;[0m
        position s1_0 
            &amp#27;[34mon&amp#27;[0m s1_0.id=a1_0.sought_post 
    &amp#27;[34mleft&amp#27;[0m &amp#27;[34mjoin&amp#27;[0m
        education a2_0 
            &amp#27;[34mon&amp#27;[0m a1_0.id=a2_0.applicant_id 
    &amp#27;[34mleft&amp#27;[0m &amp#27;[34mjoin&amp#27;[0m
        speciality s2_0 
            &amp#27;[34mon&amp#27;[0m s2_0.id=a2_0.speciality_id 
    &amp#27;[34mleft&amp#27;[0m &amp#27;[34mjoin&amp#27;[0m
        university u1_0 
            &amp#27;[34mon&amp#27;[0m u1_0.id=a2_0.university_id 
    &amp#27;[34mwhere&amp#27;[0m
        a1_0.id=?
&amp#27;[35m[Hibernate]&amp#27;[0m 
    &amp#27;[34mselect&amp#27;[0m
        c1_0.id,
        c1_0.name,
        c2_0.company_id,
        c2_0.position_id,
        p1_0.id,
        p1_0.name,
        c2_0.req_exp,
        r1_0.id,
        r1_0.name,
        c2_0.salary 
    &amp#27;[34mfrom&amp#27;[0m
        company c1_0 
    &amp#27;[34mleft&amp#27;[0m &amp#27;[34mjoin&amp#27;[0m
        vacancy c2_0 
            &amp#27;[34mon&amp#27;[0m c1_0.id=c2_0.company_id 
    &amp#27;[34mleft&amp#27;[0m &amp#27;[34mjoin&amp#27;[0m
        position p1_0 
            &amp#27;[34mon&amp#27;[0m p1_0.id=c2_0.position_id 
    &amp#27;[34mleft&amp#27;[0m &amp#27;[34mjoin&amp#27;[0m
        speciality r1_0 
            &amp#27;[34mon&amp#27;[0m r1_0.id=c2_0.req_spec 
    &amp#27;[34mwhere&amp#27;[0m
        c1_0.id=?
&amp#27;[35m[Hibernate]&amp#27;[0m 
    &amp#27;[34mselect&amp#27;[0m
        a1_0.applicant_id,
        a1_0.company_id,
        c1_0.id,
        c1_0.name,
        a1_0.position_id,
        p1_0.id,
        p1_0.name,
        a1_0.end_date,
        a1_0.salary,
        a1_0.start_date 
    &amp#27;[34mfrom&amp#27;[0m
        workhistory a1_0 
    &amp#27;[34mjoin&amp#27;[0m
        company c1_0 
            &amp#27;[34mon&amp#27;[0m c1_0.id=a1_0.company_id 
    &amp#27;[34mjoin&amp#27;[0m
        position p1_0 
            &amp#27;[34mon&amp#27;[0m p1_0.id=a1_0.position_id 
    &amp#27;[34mwhere&amp#27;[0m
        a1_0.applicant_id=?
&amp#27;[35m[Hibernate]&amp#27;[0m 
    &amp#27;[34mselect&amp#27;[0m
        c1_0.company_id,
        c1_0.position_id,
        p1_0.id,
        p1_0.name,
        c1_0.req_exp,
        r1_0.id,
        r1_0.name,
        c1_0.salary 
    &amp#27;[34mfrom&amp#27;[0m
        vacancy c1_0 
    &amp#27;[34mjoin&amp#27;[0m
        position p1_0 
            &amp#27;[34mon&amp#27;[0m p1_0.id=c1_0.position_id 
    &amp#27;[34mleft&amp#27;[0m &amp#27;[34mjoin&amp#27;[0m
        speciality r1_0 
            &amp#27;[34mon&amp#27;[0m r1_0.id=c1_0.req_spec 
    &amp#27;[34mwhere&amp#27;[0m
        c1_0.company_id=?
&amp#27;[35m[Hibernate]&amp#27;[0m 
    &amp#27;[34mselect&amp#27;[0m
        &amp#27;[34mnull&amp#27;[0m,
        w1_0.end_date,
        w1_0.salary,
        w1_0.start_date 
    &amp#27;[34mfrom&amp#27;[0m
        workhistory w1_0 
    &amp#27;[34mwhere&amp#27;[0m
        w1_0.applicant_id=? 
        &amp#27;[34mand&amp#27;[0m w1_0.company_id=? 
        &amp#27;[34mand&amp#27;[0m w1_0.position_id=?
&amp#27;[35m[Hibernate]&amp#27;[0m 
    &amp#27;[34mdelete&amp#27;[0m 
    &amp#27;[34mfrom&amp#27;[0m
        workhistory 
    &amp#27;[34mwhere&amp#27;[0m
        applicant_id=? 
        &amp#27;[34mand&amp#27;[0m company_id=? 
        &amp#27;[34mand&amp#27;[0m position_id=?
&amp#27;[35m[Hibernate]&amp#27;[0m 
    &amp#27;[34mselect&amp#27;[0m
        w1_0.applicant_id,
        w1_0.company_id,
        w1_0.position_id,
        w1_0.end_date,
        w1_0.salary,
        w1_0.start_date 
    &amp#27;[34mfrom&amp#27;[0m
        workhistory w1_0 
    &amp#27;[34mwhere&amp#27;[0m
        w1_0.applicant_id=? 
        &amp#27;[34mand&amp#27;[0m w1_0.company_id=? 
        &amp#27;[34mand&amp#27;[0m w1_0.position_id=?
findByObj error: jakarta.persistence.NoResultException: No result found for query [SELECT wh FROM Workhistory wh WHERE wh.applicant = :applicant AND wh.company = :company AND wh.position = :position ]
&amp#27;[35m[Hibernate]&amp#27;[0m 
    &amp#27;[34mselect&amp#27;[0m
        w1_0.applicant_id,
        w1_0.company_id,
        w1_0.position_id,
        w1_0.end_date,
        w1_0.salary,
        w1_0.start_date 
    &amp#27;[34mfrom&amp#27;[0m
        workhistory w1_0 
    &amp#27;[34mwhere&amp#27;[0m
        w1_0.applicant_id=? 
        &amp#27;[34mand&amp#27;[0m w1_0.company_id=? 
        &amp#27;[34mand&amp#27;[0m w1_0.position_id=?
findByObj error: jakarta.persistence.NoResultException: No result found for query [SELECT wh FROM Workhistory wh WHERE wh.applicant = :applicant AND wh.company = :company AND wh.position = :position ]
deleteByObj error
&amp#27;[35m[Hibernate]&amp#27;[0m 
    &amp#27;[34mselect&amp#27;[0m
        w1_0.applicant_id,
        w1_0.company_id,
        w1_0.position_id,
        w1_0.end_date,
        w1_0.salary,
        w1_0.start_date 
    &amp#27;[34mfrom&amp#27;[0m
        workhistory w1_0 
    &amp#27;[34mwhere&amp#27;[0m
        w1_0.applicant_id=? 
        &amp#27;[34mand&amp#27;[0m w1_0.company_id=? 
        &amp#27;[34mand&amp#27;[0m w1_0.position_id=?
findByObj error: jakarta.persistence.NoResultException: No result found for query [SELECT wh FROM Workhistory wh WHERE wh.applicant = :applicant AND wh.company = :company AND wh.position = :position ]
deleteByObj error
]]></system-out>
  </testcase>
  <testcase name="testWorkhistory" classname="com.prosphere.ras.WorkhistoryTests" time="0.001">
    <system-out><![CDATA[&amp#27;[35m[Hibernate]&amp#27;[0m 
    &amp#27;[34mselect&amp#27;[0m
        a1_0.id,
        a1_0.apartment,
        a1_0.building,
        a1_0.first_name,
        a1_0.last_name,
        a1_0.middle_name,
        s1_0.id,
        s1_0.name,
        a1_0.sought_salary,
        a1_0.street,
        a2_0.applicant_id,
        a2_0.speciality_id,
        s2_0.id,
        s2_0.name,
        a2_0.university_id,
        u1_0.id,
        u1_0.name 
    &amp#27;[34mfrom&amp#27;[0m
        applicant a1_0 
    &amp#27;[34mleft&amp#27;[0m &amp#27;[34mjoin&amp#27;[0m
        position s1_0 
            &amp#27;[34mon&amp#27;[0m s1_0.id=a1_0.sought_post 
    &amp#27;[34mleft&amp#27;[0m &amp#27;[34mjoin&amp#27;[0m
        education a2_0 
            &amp#27;[34mon&amp#27;[0m a1_0.id=a2_0.applicant_id 
    &amp#27;[34mleft&amp#27;[0m &amp#27;[34mjoin&amp#27;[0m
        speciality s2_0 
            &amp#27;[34mon&amp#27;[0m s2_0.id=a2_0.speciality_id 
    &amp#27;[34mleft&amp#27;[0m &amp#27;[34mjoin&amp#27;[0m
        university u1_0 
            &amp#27;[34mon&amp#27;[0m u1_0.id=a2_0.university_id 
    &amp#27;[34mwhere&amp#27;[0m
        a1_0.id=?
&amp#27;[35m[Hibernate]&amp#27;[0m 
    &amp#27;[34mselect&amp#27;[0m
        a1_0.applicant_id,
        a1_0.company_id,
        c1_0.id,
        c1_0.name,
        a1_0.position_id,
        p1_0.id,
        p1_0.name,
        a1_0.end_date,
        a1_0.salary,
        a1_0.start_date 
    &amp#27;[34mfrom&amp#27;[0m
        workhistory a1_0 
    &amp#27;[34mjoin&amp#27;[0m
        company c1_0 
            &amp#27;[34mon&amp#27;[0m c1_0.id=a1_0.company_id 
    &amp#27;[34mjoin&amp#27;[0m
        position p1_0 
            &amp#27;[34mon&amp#27;[0m p1_0.id=a1_0.position_id 
    &amp#27;[34mwhere&amp#27;[0m
        a1_0.applicant_id=?
&amp#27;[35m[Hibernate]&amp#27;[0m 
    &amp#27;[34mselect&amp#27;[0m
        c1_0.company_id,
        c1_0.position_id,
        p1_0.id,
        p1_0.name,
        c1_0.req_exp,
        r1_0.id,
        r1_0.name,
        c1_0.salary 
    &amp#27;[34mfrom&amp#27;[0m
        vacancy c1_0 
    &amp#27;[34mjoin&amp#27;[0m
        position p1_0 
            &amp#27;[34mon&amp#27;[0m p1_0.id=c1_0.position_id 
    &amp#27;[34mleft&amp#27;[0m &amp#27;[34mjoin&amp#27;[0m
        speciality r1_0 
            &amp#27;[34mon&amp#27;[0m r1_0.id=c1_0.req_spec 
    &amp#27;[34mwhere&amp#27;[0m
        c1_0.company_id=?
&amp#27;[35m[Hibernate]&amp#27;[0m 
    &amp#27;[34mselect&amp#27;[0m
        c1_0.company_id,
        c1_0.position_id,
        p1_0.id,
        p1_0.name,
        c1_0.req_exp,
        r1_0.id,
        r1_0.name,
        c1_0.salary 
    &amp#27;[34mfrom&amp#27;[0m
        vacancy c1_0 
    &amp#27;[34mjoin&amp#27;[0m
        position p1_0 
            &amp#27;[34mon&amp#27;[0m p1_0.id=c1_0.position_id 
    &amp#27;[34mleft&amp#27;[0m &amp#27;[34mjoin&amp#27;[0m
        speciality r1_0 
            &amp#27;[34mon&amp#27;[0m r1_0.id=c1_0.req_spec 
    &amp#27;[34mwhere&amp#27;[0m
        c1_0.company_id=?
&amp#27;[35m[Hibernate]&amp#27;[0m 
    &amp#27;[34mselect&amp#27;[0m
        c1_0.id,
        c1_0.name,
        c2_0.company_id,
        c2_0.position_id,
        p1_0.id,
        p1_0.name,
        c2_0.req_exp,
        r1_0.id,
        r1_0.name,
        c2_0.salary 
    &amp#27;[34mfrom&amp#27;[0m
        company c1_0 
    &amp#27;[34mleft&amp#27;[0m &amp#27;[34mjoin&amp#27;[0m
        vacancy c2_0 
            &amp#27;[34mon&amp#27;[0m c1_0.id=c2_0.company_id 
    &amp#27;[34mleft&amp#27;[0m &amp#27;[34mjoin&amp#27;[0m
        position p1_0 
            &amp#27;[34mon&amp#27;[0m p1_0.id=c2_0.position_id 
    &amp#27;[34mleft&amp#27;[0m &amp#27;[34mjoin&amp#27;[0m
        speciality r1_0 
            &amp#27;[34mon&amp#27;[0m r1_0.id=c2_0.req_spec 
    &amp#27;[34mwhere&amp#27;[0m
        c1_0.id=?
&amp#27;[35m[Hibernate]&amp#27;[0m 
    &amp#27;[34mselect&amp#27;[0m
        p1_0.id,
        p1_0.name 
    &amp#27;[34mfrom&amp#27;[0m
        position p1_0 
    &amp#27;[34mwhere&amp#27;[0m
        p1_0.id=?
]]></system-out>
  </testcase>
  <testcase name="testFindAll" classname="com.prosphere.ras.WorkhistoryTests" time="0.272">
    <system-out><![CDATA[&amp#27;[35m[Hibernate]&amp#27;[0m 
    &amp#27;[34mselect&amp#27;[0m
        a1_0.id,
        a1_0.apartment,
        a1_0.building,
        a1_0.first_name,
        a1_0.last_name,
        a1_0.middle_name,
        s1_0.id,
        s1_0.name,
        a1_0.sought_salary,
        a1_0.street,
        a2_0.applicant_id,
        a2_0.speciality_id,
        s2_0.id,
        s2_0.name,
        a2_0.university_id,
        u1_0.id,
        u1_0.name 
    &amp#27;[34mfrom&amp#27;[0m
        applicant a1_0 
    &amp#27;[34mleft&amp#27;[0m &amp#27;[34mjoin&amp#27;[0m
        position s1_0 
            &amp#27;[34mon&amp#27;[0m s1_0.id=a1_0.sought_post 
    &amp#27;[34mleft&amp#27;[0m &amp#27;[34mjoin&amp#27;[0m
        education a2_0 
            &amp#27;[34mon&amp#27;[0m a1_0.id=a2_0.applicant_id 
    &amp#27;[34mleft&amp#27;[0m &amp#27;[34mjoin&amp#27;[0m
        speciality s2_0 
            &amp#27;[34mon&amp#27;[0m s2_0.id=a2_0.speciality_id 
    &amp#27;[34mleft&amp#27;[0m &amp#27;[34mjoin&amp#27;[0m
        university u1_0 
            &amp#27;[34mon&amp#27;[0m u1_0.id=a2_0.university_id 
    &amp#27;[34mwhere&amp#27;[0m
        a1_0.id=?
&amp#27;[35m[Hibernate]&amp#27;[0m 
    &amp#27;[34mselect&amp#27;[0m
        a1_0.applicant_id,
        a1_0.company_id,
        c1_0.id,
        c1_0.name,
        a1_0.position_id,
        p1_0.id,
        p1_0.name,
        a1_0.end_date,
        a1_0.salary,
        a1_0.start_date 
    &amp#27;[34mfrom&amp#27;[0m
        workhistory a1_0 
    &amp#27;[34mjoin&amp#27;[0m
        company c1_0 
            &amp#27;[34mon&amp#27;[0m c1_0.id=a1_0.company_id 
    &amp#27;[34mjoin&amp#27;[0m
        position p1_0 
            &amp#27;[34mon&amp#27;[0m p1_0.id=a1_0.position_id 
    &amp#27;[34mwhere&amp#27;[0m
        a1_0.applicant_id=?
&amp#27;[35m[Hibernate]&amp#27;[0m 
    &amp#27;[34mselect&amp#27;[0m
        c1_0.company_id,
        c1_0.position_id,
        p1_0.id,
        p1_0.name,
        c1_0.req_exp,
        r1_0.id,
        r1_0.name,
        c1_0.salary 
    &amp#27;[34mfrom&amp#27;[0m
        vacancy c1_0 
    &amp#27;[34mjoin&amp#27;[0m
        position p1_0 
            &amp#27;[34mon&amp#27;[0m p1_0.id=c1_0.position_id 
    &amp#27;[34mleft&amp#27;[0m &amp#27;[34mjoin&amp#27;[0m
        speciality r1_0 
            &amp#27;[34mon&amp#27;[0m r1_0.id=c1_0.req_spec 
    &amp#27;[34mwhere&amp#27;[0m
        c1_0.company_id=?
&amp#27;[35m[Hibernate]&amp#27;[0m 
    &amp#27;[34mselect&amp#27;[0m
        c1_0.company_id,
        c1_0.position_id,
        p1_0.id,
        p1_0.name,
        c1_0.req_exp,
        r1_0.id,
        r1_0.name,
        c1_0.salary 
    &amp#27;[34mfrom&amp#27;[0m
        vacancy c1_0 
    &amp#27;[34mjoin&amp#27;[0m
        position p1_0 
            &amp#27;[34mon&amp#27;[0m p1_0.id=c1_0.position_id 
    &amp#27;[34mleft&amp#27;[0m &amp#27;[34mjoin&amp#27;[0m
        speciality r1_0 
            &amp#27;[34mon&amp#27;[0m r1_0.id=c1_0.req_spec 
    &amp#27;[34mwhere&amp#27;[0m
        c1_0.company_id=?
&amp#27;[35m[Hibernate]&amp#27;[0m 
    &amp#27;[34mselect&amp#27;[0m
        c1_0.id,
        c1_0.name,
        c2_0.company_id,
        c2_0.position_id,
        p1_0.id,
        p1_0.name,
        c2_0.req_exp,
        r1_0.id,
        r1_0.name,
        c2_0.salary 
    &amp#27;[34mfrom&amp#27;[0m
        company c1_0 
    &amp#27;[34mleft&amp#27;[0m &amp#27;[34mjoin&amp#27;[0m
        vacancy c2_0 
            &amp#27;[34mon&amp#27;[0m c1_0.id=c2_0.company_id 
    &amp#27;[34mleft&amp#27;[0m &amp#27;[34mjoin&amp#27;[0m
        position p1_0 
            &amp#27;[34mon&amp#27;[0m p1_0.id=c2_0.position_id 
    &amp#27;[34mleft&amp#27;[0m &amp#27;[34mjoin&amp#27;[0m
        speciality r1_0 
            &amp#27;[34mon&amp#27;[0m r1_0.id=c2_0.req_spec 
    &amp#27;[34mwhere&amp#27;[0m
        c1_0.id=?
&amp#27;[35m[Hibernate]&amp#27;[0m 
    &amp#27;[34mselect&amp#27;[0m
        p1_0.id,
        p1_0.name 
    &amp#27;[34mfrom&amp#27;[0m
        position p1_0 
    &amp#27;[34mwhere&amp#27;[0m
        p1_0.id=?
&amp#27;[35m[Hibernate]&amp#27;[0m 
    &amp#27;[34mselect&amp#27;[0m
        w1_0.applicant_id,
        w1_0.company_id,
        w1_0.position_id,
        w1_0.end_date,
        w1_0.salary,
        w1_0.start_date 
    &amp#27;[34mfrom&amp#27;[0m
        workhistory w1_0
&amp#27;[35m[Hibernate]&amp#27;[0m 
    &amp#27;[34mselect&amp#27;[0m
        a1_0.id,
        a1_0.apartment,
        a1_0.building,
        a1_0.first_name,
        a1_0.last_name,
        a1_0.middle_name,
        s1_0.id,
        s1_0.name,
        a1_0.sought_salary,
        a1_0.street,
        a2_0.applicant_id,
        a2_0.speciality_id,
        s2_0.id,
        s2_0.name,
        a2_0.university_id,
        u1_0.id,
        u1_0.name 
    &amp#27;[34mfrom&amp#27;[0m
        applicant a1_0 
    &amp#27;[34mleft&amp#27;[0m &amp#27;[34mjoin&amp#27;[0m
        position s1_0 
            &amp#27;[34mon&amp#27;[0m s1_0.id=a1_0.sought_post 
    &amp#27;[34mleft&amp#27;[0m &amp#27;[34mjoin&amp#27;[0m
        education a2_0 
            &amp#27;[34mon&amp#27;[0m a1_0.id=a2_0.applicant_id 
    &amp#27;[34mleft&amp#27;[0m &amp#27;[34mjoin&amp#27;[0m
        speciality s2_0 
            &amp#27;[34mon&amp#27;[0m s2_0.id=a2_0.speciality_id 
    &amp#27;[34mleft&amp#27;[0m &amp#27;[34mjoin&amp#27;[0m
        university u1_0 
            &amp#27;[34mon&amp#27;[0m u1_0.id=a2_0.university_id 
    &amp#27;[34mwhere&amp#27;[0m
        a1_0.id=?
&amp#27;[35m[Hibernate]&amp#27;[0m 
    &amp#27;[34mselect&amp#27;[0m
        c1_0.id,
        c1_0.name,
        c2_0.company_id,
        c2_0.position_id,
        p1_0.id,
        p1_0.name,
        c2_0.req_exp,
        r1_0.id,
        r1_0.name,
        c2_0.salary 
    &amp#27;[34mfrom&amp#27;[0m
        company c1_0 
    &amp#27;[34mleft&amp#27;[0m &amp#27;[34mjoin&amp#27;[0m
        vacancy c2_0 
            &amp#27;[34mon&amp#27;[0m c1_0.id=c2_0.company_id 
    &amp#27;[34mleft&amp#27;[0m &amp#27;[34mjoin&amp#27;[0m
        position p1_0 
            &amp#27;[34mon&amp#27;[0m p1_0.id=c2_0.position_id 
    &amp#27;[34mleft&amp#27;[0m &amp#27;[34mjoin&amp#27;[0m
        speciality r1_0 
            &amp#27;[34mon&amp#27;[0m r1_0.id=c2_0.req_spec 
    &amp#27;[34mwhere&amp#27;[0m
        c1_0.id=?
&amp#27;[35m[Hibernate]&amp#27;[0m 
    &amp#27;[34mselect&amp#27;[0m
        c1_0.id,
        c1_0.name,
        c2_0.company_id,
        c2_0.position_id,
        p1_0.id,
        p1_0.name,
        c2_0.req_exp,
        r1_0.id,
        r1_0.name,
        c2_0.salary 
    &amp#27;[34mfrom&amp#27;[0m
        company c1_0 
    &amp#27;[34mleft&amp#27;[0m &amp#27;[34mjoin&amp#27;[0m
        vacancy c2_0 
            &amp#27;[34mon&amp#27;[0m c1_0.id=c2_0.company_id 
    &amp#27;[34mleft&amp#27;[0m &amp#27;[34mjoin&amp#27;[0m
        position p1_0 
            &amp#27;[34mon&amp#27;[0m p1_0.id=c2_0.position_id 
    &amp#27;[34mleft&amp#27;[0m &amp#27;[34mjoin&amp#27;[0m
        speciality r1_0 
            &amp#27;[34mon&amp#27;[0m r1_0.id=c2_0.req_spec 
    &amp#27;[34mwhere&amp#27;[0m
        c1_0.id=?
&amp#27;[35m[Hibernate]&amp#27;[0m 
    &amp#27;[34mselect&amp#27;[0m
        a1_0.id,
        a1_0.apartment,
        a1_0.building,
        a1_0.first_name,
        a1_0.last_name,
        a1_0.middle_name,
        s1_0.id,
        s1_0.name,
        a1_0.sought_salary,
        a1_0.street,
        a2_0.applicant_id,
        a2_0.speciality_id,
        s2_0.id,
        s2_0.name,
        a2_0.university_id,
        u1_0.id,
        u1_0.name 
    &amp#27;[34mfrom&amp#27;[0m
        applicant a1_0 
    &amp#27;[34mleft&amp#27;[0m &amp#27;[34mjoin&amp#27;[0m
        position s1_0 
            &amp#27;[34mon&amp#27;[0m s1_0.id=a1_0.sought_post 
    &amp#27;[34mleft&amp#27;[0m &amp#27;[34mjoin&amp#27;[0m
        education a2_0 
            &amp#27;[34mon&amp#27;[0m a1_0.id=a2_0.applicant_id 
    &amp#27;[34mleft&amp#27;[0m &amp#27;[34mjoin&amp#27;[0m
        speciality s2_0 
            &amp#27;[34mon&amp#27;[0m s2_0.id=a2_0.speciality_id 
    &amp#27;[34mleft&amp#27;[0m &amp#27;[34mjoin&amp#27;[0m
        university u1_0 
            &amp#27;[34mon&amp#27;[0m u1_0.id=a2_0.university_id 
    &amp#27;[34mwhere&amp#27;[0m
        a1_0.id=?
&amp#27;[35m[Hibernate]&amp#27;[0m 
    &amp#27;[34mselect&amp#27;[0m
        c1_0.id,
        c1_0.name,
        c2_0.company_id,
        c2_0.position_id,
        p1_0.id,
        p1_0.name,
        c2_0.req_exp,
        r1_0.id,
        r1_0.name,
        c2_0.salary 
    &amp#27;[34mfrom&amp#27;[0m
        company c1_0 
    &amp#27;[34mleft&amp#27;[0m &amp#27;[34mjoin&amp#27;[0m
        vacancy c2_0 
            &amp#27;[34mon&amp#27;[0m c1_0.id=c2_0.company_id 
    &amp#27;[34mleft&amp#27;[0m &amp#27;[34mjoin&amp#27;[0m
        position p1_0 
            &amp#27;[34mon&amp#27;[0m p1_0.id=c2_0.position_id 
    &amp#27;[34mleft&amp#27;[0m &amp#27;[34mjoin&amp#27;[0m
        speciality r1_0 
            &amp#27;[34mon&amp#27;[0m r1_0.id=c2_0.req_spec 
    &amp#27;[34mwhere&amp#27;[0m
        c1_0.id=?
&amp#27;[35m[Hibernate]&amp#27;[0m 
    &amp#27;[34mselect&amp#27;[0m
        c1_0.id,
        c1_0.name,
        c2_0.company_id,
        c2_0.position_id,
        p1_0.id,
        p1_0.name,
        c2_0.req_exp,
        r1_0.id,
        r1_0.name,
        c2_0.salary 
    &amp#27;[34mfrom&amp#27;[0m
        company c1_0 
    &amp#27;[34mleft&amp#27;[0m &amp#27;[34mjoin&amp#27;[0m
        vacancy c2_0 
            &amp#27;[34mon&amp#27;[0m c1_0.id=c2_0.company_id 
    &amp#27;[34mleft&amp#27;[0m &amp#27;[34mjoin&amp#27;[0m
        position p1_0 
            &amp#27;[34mon&amp#27;[0m p1_0.id=c2_0.position_id 
    &amp#27;[34mleft&amp#27;[0m &amp#27;[34mjoin&amp#27;[0m
        speciality r1_0 
            &amp#27;[34mon&amp#27;[0m r1_0.id=c2_0.req_spec 
    &amp#27;[34mwhere&amp#27;[0m
        c1_0.id=?
&amp#27;[35m[Hibernate]&amp#27;[0m 
    &amp#27;[34mselect&amp#27;[0m
        a1_0.id,
        a1_0.apartment,
        a1_0.building,
        a1_0.first_name,
        a1_0.last_name,
        a1_0.middle_name,
        s1_0.id,
        s1_0.name,
        a1_0.sought_salary,
        a1_0.street,
        a2_0.applicant_id,
        a2_0.speciality_id,
        s2_0.id,
        s2_0.name,
        a2_0.university_id,
        u1_0.id,
        u1_0.name 
    &amp#27;[34mfrom&amp#27;[0m
        applicant a1_0 
    &amp#27;[34mleft&amp#27;[0m &amp#27;[34mjoin&amp#27;[0m
        position s1_0 
            &amp#27;[34mon&amp#27;[0m s1_0.id=a1_0.sought_post 
    &amp#27;[34mleft&amp#27;[0m &amp#27;[34mjoin&amp#27;[0m
        education a2_0 
            &amp#27;[34mon&amp#27;[0m a1_0.id=a2_0.applicant_id 
    &amp#27;[34mleft&amp#27;[0m &amp#27;[34mjoin&amp#27;[0m
        speciality s2_0 
            &amp#27;[34mon&amp#27;[0m s2_0.id=a2_0.speciality_id 
    &amp#27;[34mleft&amp#27;[0m &amp#27;[34mjoin&amp#27;[0m
        university u1_0 
            &amp#27;[34mon&amp#27;[0m u1_0.id=a2_0.university_id 
    &amp#27;[34mwhere&amp#27;[0m
        a1_0.id=?
&amp#27;[35m[Hibernate]&amp#27;[0m 
    &amp#27;[34mselect&amp#27;[0m
        a1_0.id,
        a1_0.apartment,
        a1_0.building,
        a1_0.first_name,
        a1_0.last_name,
        a1_0.middle_name,
        s1_0.id,
        s1_0.name,
        a1_0.sought_salary,
        a1_0.street,
        a2_0.applicant_id,
        a2_0.speciality_id,
        s2_0.id,
        s2_0.name,
        a2_0.university_id,
        u1_0.id,
        u1_0.name 
    &amp#27;[34mfrom&amp#27;[0m
        applicant a1_0 
    &amp#27;[34mleft&amp#27;[0m &amp#27;[34mjoin&amp#27;[0m
        position s1_0 
            &amp#27;[34mon&amp#27;[0m s1_0.id=a1_0.sought_post 
    &amp#27;[34mleft&amp#27;[0m &amp#27;[34mjoin&amp#27;[0m
        education a2_0 
            &amp#27;[34mon&amp#27;[0m a1_0.id=a2_0.applicant_id 
    &amp#27;[34mleft&amp#27;[0m &amp#27;[34mjoin&amp#27;[0m
        speciality s2_0 
            &amp#27;[34mon&amp#27;[0m s2_0.id=a2_0.speciality_id 
    &amp#27;[34mleft&amp#27;[0m &amp#27;[34mjoin&amp#27;[0m
        university u1_0 
            &amp#27;[34mon&amp#27;[0m u1_0.id=a2_0.university_id 
    &amp#27;[34mwhere&amp#27;[0m
        a1_0.id=?
&amp#27;[35m[Hibernate]&amp#27;[0m 
    &amp#27;[34mselect&amp#27;[0m
        a1_0.id,
        a1_0.apartment,
        a1_0.building,
        a1_0.first_name,
        a1_0.last_name,
        a1_0.middle_name,
        s1_0.id,
        s1_0.name,
        a1_0.sought_salary,
        a1_0.street,
        a2_0.applicant_id,
        a2_0.speciality_id,
        s2_0.id,
        s2_0.name,
        a2_0.university_id,
        u1_0.id,
        u1_0.name 
    &amp#27;[34mfrom&amp#27;[0m
        applicant a1_0 
    &amp#27;[34mleft&amp#27;[0m &amp#27;[34mjoin&amp#27;[0m
        position s1_0 
            &amp#27;[34mon&amp#27;[0m s1_0.id=a1_0.sought_post 
    &amp#27;[34mleft&amp#27;[0m &amp#27;[34mjoin&amp#27;[0m
        education a2_0 
            &amp#27;[34mon&amp#27;[0m a1_0.id=a2_0.applicant_id 
    &amp#27;[34mleft&amp#27;[0m &amp#27;[34mjoin&amp#27;[0m
        speciality s2_0 
            &amp#27;[34mon&amp#27;[0m s2_0.id=a2_0.speciality_id 
    &amp#27;[34mleft&amp#27;[0m &amp#27;[34mjoin&amp#27;[0m
        university u1_0 
            &amp#27;[34mon&amp#27;[0m u1_0.id=a2_0.university_id 
    &amp#27;[34mwhere&amp#27;[0m
        a1_0.id=?
&amp#27;[35m[Hibernate]&amp#27;[0m 
    &amp#27;[34mselect&amp#27;[0m
        a1_0.id,
        a1_0.apartment,
        a1_0.building,
        a1_0.first_name,
        a1_0.last_name,
        a1_0.middle_name,
        s1_0.id,
        s1_0.name,
        a1_0.sought_salary,
        a1_0.street,
        a2_0.applicant_id,
        a2_0.speciality_id,
        s2_0.id,
        s2_0.name,
        a2_0.university_id,
        u1_0.id,
        u1_0.name 
    &amp#27;[34mfrom&amp#27;[0m
        applicant a1_0 
    &amp#27;[34mleft&amp#27;[0m &amp#27;[34mjoin&amp#27;[0m
        position s1_0 
            &amp#27;[34mon&amp#27;[0m s1_0.id=a1_0.sought_post 
    &amp#27;[34mleft&amp#27;[0m &amp#27;[34mjoin&amp#27;[0m
        education a2_0 
            &amp#27;[34mon&amp#27;[0m a1_0.id=a2_0.applicant_id 
    &amp#27;[34mleft&amp#27;[0m &amp#27;[34mjoin&amp#27;[0m
        speciality s2_0 
            &amp#27;[34mon&amp#27;[0m s2_0.id=a2_0.speciality_id 
    &amp#27;[34mleft&amp#27;[0m &amp#27;[34mjoin&amp#27;[0m
        university u1_0 
            &amp#27;[34mon&amp#27;[0m u1_0.id=a2_0.university_id 
    &amp#27;[34mwhere&amp#27;[0m
        a1_0.id=?
&amp#27;[35m[Hibernate]&amp#27;[0m 
    &amp#27;[34mselect&amp#27;[0m
        a1_0.id,
        a1_0.apartment,
        a1_0.building,
        a1_0.first_name,
        a1_0.last_name,
        a1_0.middle_name,
        s1_0.id,
        s1_0.name,
        a1_0.sought_salary,
        a1_0.street,
        a2_0.applicant_id,
        a2_0.speciality_id,
        s2_0.id,
        s2_0.name,
        a2_0.university_id,
        u1_0.id,
        u1_0.name 
    &amp#27;[34mfrom&amp#27;[0m
        applicant a1_0 
    &amp#27;[34mleft&amp#27;[0m &amp#27;[34mjoin&amp#27;[0m
        position s1_0 
            &amp#27;[34mon&amp#27;[0m s1_0.id=a1_0.sought_post 
    &amp#27;[34mleft&amp#27;[0m &amp#27;[34mjoin&amp#27;[0m
        education a2_0 
            &amp#27;[34mon&amp#27;[0m a1_0.id=a2_0.applicant_id 
    &amp#27;[34mleft&amp#27;[0m &amp#27;[34mjoin&amp#27;[0m
        speciality s2_0 
            &amp#27;[34mon&amp#27;[0m s2_0.id=a2_0.speciality_id 
    &amp#27;[34mleft&amp#27;[0m &amp#27;[34mjoin&amp#27;[0m
        university u1_0 
            &amp#27;[34mon&amp#27;[0m u1_0.id=a2_0.university_id 
    &amp#27;[34mwhere&amp#27;[0m
        a1_0.id=?
&amp#27;[35m[Hibernate]&amp#27;[0m 
    &amp#27;[34mselect&amp#27;[0m
        a1_0.id,
        a1_0.apartment,
        a1_0.building,
        a1_0.first_name,
        a1_0.last_name,
        a1_0.middle_name,
        s1_0.id,
        s1_0.name,
        a1_0.sought_salary,
        a1_0.street,
        a2_0.applicant_id,
        a2_0.speciality_id,
        s2_0.id,
        s2_0.name,
        a2_0.university_id,
        u1_0.id,
        u1_0.name 
    &amp#27;[34mfrom&amp#27;[0m
        applicant a1_0 
    &amp#27;[34mleft&amp#27;[0m &amp#27;[34mjoin&amp#27;[0m
        position s1_0 
            &amp#27;[34mon&amp#27;[0m s1_0.id=a1_0.sought_post 
    &amp#27;[34mleft&amp#27;[0m &amp#27;[34mjoin&amp#27;[0m
        education a2_0 
            &amp#27;[34mon&amp#27;[0m a1_0.id=a2_0.applicant_id 
    &amp#27;[34mleft&amp#27;[0m &amp#27;[34mjoin&amp#27;[0m
        speciality s2_0 
            &amp#27;[34mon&amp#27;[0m s2_0.id=a2_0.speciality_id 
    &amp#27;[34mleft&amp#27;[0m &amp#27;[34mjoin&amp#27;[0m
        university u1_0 
            &amp#27;[34mon&amp#27;[0m u1_0.id=a2_0.university_id 
    &amp#27;[34mwhere&amp#27;[0m
        a1_0.id=?
&amp#27;[35m[Hibernate]&amp#27;[0m 
    &amp#27;[34mselect&amp#27;[0m
        a1_0.id,
        a1_0.apartment,
        a1_0.building,
        a1_0.first_name,
        a1_0.last_name,
        a1_0.middle_name,
        s1_0.id,
        s1_0.name,
        a1_0.sought_salary,
        a1_0.street,
        a2_0.applicant_id,
        a2_0.speciality_id,
        s2_0.id,
        s2_0.name,
        a2_0.university_id,
        u1_0.id,
        u1_0.name 
    &amp#27;[34mfrom&amp#27;[0m
        applicant a1_0 
    &amp#27;[34mleft&amp#27;[0m &amp#27;[34mjoin&amp#27;[0m
        position s1_0 
            &amp#27;[34mon&amp#27;[0m s1_0.id=a1_0.sought_post 
    &amp#27;[34mleft&amp#27;[0m &amp#27;[34mjoin&amp#27;[0m
        education a2_0 
            &amp#27;[34mon&amp#27;[0m a1_0.id=a2_0.applicant_id 
    &amp#27;[34mleft&amp#27;[0m &amp#27;[34mjoin&amp#27;[0m
        speciality s2_0 
            &amp#27;[34mon&amp#27;[0m s2_0.id=a2_0.speciality_id 
    &amp#27;[34mleft&amp#27;[0m &amp#27;[34mjoin&amp#27;[0m
        university u1_0 
            &amp#27;[34mon&amp#27;[0m u1_0.id=a2_0.university_id 
    &amp#27;[34mwhere&amp#27;[0m
        a1_0.id=?
&amp#27;[35m[Hibernate]&amp#27;[0m 
    &amp#27;[34mselect&amp#27;[0m
        a1_0.id,
        a1_0.apartment,
        a1_0.building,
        a1_0.first_name,
        a1_0.last_name,
        a1_0.middle_name,
        s1_0.id,
        s1_0.name,
        a1_0.sought_salary,
        a1_0.street,
        a2_0.applicant_id,
        a2_0.speciality_id,
        s2_0.id,
        s2_0.name,
        a2_0.university_id,
        u1_0.id,
        u1_0.name 
    &amp#27;[34mfrom&amp#27;[0m
        applicant a1_0 
    &amp#27;[34mleft&amp#27;[0m &amp#27;[34mjoin&amp#27;[0m
        position s1_0 
            &amp#27;[34mon&amp#27;[0m s1_0.id=a1_0.sought_post 
    &amp#27;[34mleft&amp#27;[0m &amp#27;[34mjoin&amp#27;[0m
        education a2_0 
            &amp#27;[34mon&amp#27;[0m a1_0.id=a2_0.applicant_id 
    &amp#27;[34mleft&amp#27;[0m &amp#27;[34mjoin&amp#27;[0m
        speciality s2_0 
            &amp#27;[34mon&amp#27;[0m s2_0.id=a2_0.speciality_id 
    &amp#27;[34mleft&amp#27;[0m &amp#27;[34mjoin&amp#27;[0m
        university u1_0 
            &amp#27;[34mon&amp#27;[0m u1_0.id=a2_0.university_id 
    &amp#27;[34mwhere&amp#27;[0m
        a1_0.id=?
&amp#27;[35m[Hibernate]&amp#27;[0m 
    &amp#27;[34mselect&amp#27;[0m
        a1_0.applicant_id,
        a1_0.company_id,
        c1_0.id,
        c1_0.name,
        a1_0.position_id,
        p1_0.id,
        p1_0.name,
        a1_0.end_date,
        a1_0.salary,
        a1_0.start_date 
    &amp#27;[34mfrom&amp#27;[0m
        workhistory a1_0 
    &amp#27;[34mjoin&amp#27;[0m
        company c1_0 
            &amp#27;[34mon&amp#27;[0m c1_0.id=a1_0.company_id 
    &amp#27;[34mjoin&amp#27;[0m
        position p1_0 
            &amp#27;[34mon&amp#27;[0m p1_0.id=a1_0.position_id 
    &amp#27;[34mwhere&amp#27;[0m
        a1_0.applicant_id=?
&amp#27;[35m[Hibernate]&amp#27;[0m 
    &amp#27;[34mselect&amp#27;[0m
        a1_0.applicant_id,
        a1_0.company_id,
        c1_0.id,
        c1_0.name,
        a1_0.position_id,
        p1_0.id,
        p1_0.name,
        a1_0.end_date,
        a1_0.salary,
        a1_0.start_date 
    &amp#27;[34mfrom&amp#27;[0m
        workhistory a1_0 
    &amp#27;[34mjoin&amp#27;[0m
        company c1_0 
            &amp#27;[34mon&amp#27;[0m c1_0.id=a1_0.company_id 
    &amp#27;[34mjoin&amp#27;[0m
        position p1_0 
            &amp#27;[34mon&amp#27;[0m p1_0.id=a1_0.position_id 
    &amp#27;[34mwhere&amp#27;[0m
        a1_0.applicant_id=?
&amp#27;[35m[Hibernate]&amp#27;[0m 
    &amp#27;[34mselect&amp#27;[0m
        a1_0.applicant_id,
        a1_0.company_id,
        c1_0.id,
        c1_0.name,
        a1_0.position_id,
        p1_0.id,
        p1_0.name,
        a1_0.end_date,
        a1_0.salary,
        a1_0.start_date 
    &amp#27;[34mfrom&amp#27;[0m
        workhistory a1_0 
    &amp#27;[34mjoin&amp#27;[0m
        company c1_0 
            &amp#27;[34mon&amp#27;[0m c1_0.id=a1_0.company_id 
    &amp#27;[34mjoin&amp#27;[0m
        position p1_0 
            &amp#27;[34mon&amp#27;[0m p1_0.id=a1_0.position_id 
    &amp#27;[34mwhere&amp#27;[0m
        a1_0.applicant_id=?
&amp#27;[35m[Hibernate]&amp#27;[0m 
    &amp#27;[34mselect&amp#27;[0m
        a1_0.applicant_id,
        a1_0.company_id,
        c1_0.id,
        c1_0.name,
        a1_0.position_id,
        p1_0.id,
        p1_0.name,
        a1_0.end_date,
        a1_0.salary,
        a1_0.start_date 
    &amp#27;[34mfrom&amp#27;[0m
        workhistory a1_0 
    &amp#27;[34mjoin&amp#27;[0m
        company c1_0 
            &amp#27;[34mon&amp#27;[0m c1_0.id=a1_0.company_id 
    &amp#27;[34mjoin&amp#27;[0m
        position p1_0 
            &amp#27;[34mon&amp#27;[0m p1_0.id=a1_0.position_id 
    &amp#27;[34mwhere&amp#27;[0m
        a1_0.applicant_id=?
&amp#27;[35m[Hibernate]&amp#27;[0m 
    &amp#27;[34mselect&amp#27;[0m
        a1_0.applicant_id,
        a1_0.company_id,
        c1_0.id,
        c1_0.name,
        a1_0.position_id,
        p1_0.id,
        p1_0.name,
        a1_0.end_date,
        a1_0.salary,
        a1_0.start_date 
    &amp#27;[34mfrom&amp#27;[0m
        workhistory a1_0 
    &amp#27;[34mjoin&amp#27;[0m
        company c1_0 
            &amp#27;[34mon&amp#27;[0m c1_0.id=a1_0.company_id 
    &amp#27;[34mjoin&amp#27;[0m
        position p1_0 
            &amp#27;[34mon&amp#27;[0m p1_0.id=a1_0.position_id 
    &amp#27;[34mwhere&amp#27;[0m
        a1_0.applicant_id=?
&amp#27;[35m[Hibernate]&amp#27;[0m 
    &amp#27;[34mselect&amp#27;[0m
        a1_0.applicant_id,
        a1_0.company_id,
        c1_0.id,
        c1_0.name,
        a1_0.position_id,
        p1_0.id,
        p1_0.name,
        a1_0.end_date,
        a1_0.salary,
        a1_0.start_date 
    &amp#27;[34mfrom&amp#27;[0m
        workhistory a1_0 
    &amp#27;[34mjoin&amp#27;[0m
        company c1_0 
            &amp#27;[34mon&amp#27;[0m c1_0.id=a1_0.company_id 
    &amp#27;[34mjoin&amp#27;[0m
        position p1_0 
            &amp#27;[34mon&amp#27;[0m p1_0.id=a1_0.position_id 
    &amp#27;[34mwhere&amp#27;[0m
        a1_0.applicant_id=?
&amp#27;[35m[Hibernate]&amp#27;[0m 
    &amp#27;[34mselect&amp#27;[0m
        a1_0.applicant_id,
        a1_0.company_id,
        c1_0.id,
        c1_0.name,
        a1_0.position_id,
        p1_0.id,
        p1_0.name,
        a1_0.end_date,
        a1_0.salary,
        a1_0.start_date 
    &amp#27;[34mfrom&amp#27;[0m
        workhistory a1_0 
    &amp#27;[34mjoin&amp#27;[0m
        company c1_0 
            &amp#27;[34mon&amp#27;[0m c1_0.id=a1_0.company_id 
    &amp#27;[34mjoin&amp#27;[0m
        position p1_0 
            &amp#27;[34mon&amp#27;[0m p1_0.id=a1_0.position_id 
    &amp#27;[34mwhere&amp#27;[0m
        a1_0.applicant_id=?
&amp#27;[35m[Hibernate]&amp#27;[0m 
    &amp#27;[34mselect&amp#27;[0m
        a1_0.applicant_id,
        a1_0.company_id,
        c1_0.id,
        c1_0.name,
        a1_0.position_id,
        p1_0.id,
        p1_0.name,
        a1_0.end_date,
        a1_0.salary,
        a1_0.start_date 
    &amp#27;[34mfrom&amp#27;[0m
        workhistory a1_0 
    &amp#27;[34mjoin&amp#27;[0m
        company c1_0 
            &amp#27;[34mon&amp#27;[0m c1_0.id=a1_0.company_id 
    &amp#27;[34mjoin&amp#27;[0m
        position p1_0 
            &amp#27;[34mon&amp#27;[0m p1_0.id=a1_0.position_id 
    &amp#27;[34mwhere&amp#27;[0m
        a1_0.applicant_id=?
&amp#27;[35m[Hibernate]&amp#27;[0m 
    &amp#27;[34mselect&amp#27;[0m
        a1_0.applicant_id,
        a1_0.company_id,
        c1_0.id,
        c1_0.name,
        a1_0.position_id,
        p1_0.id,
        p1_0.name,
        a1_0.end_date,
        a1_0.salary,
        a1_0.start_date 
    &amp#27;[34mfrom&amp#27;[0m
        workhistory a1_0 
    &amp#27;[34mjoin&amp#27;[0m
        company c1_0 
            &amp#27;[34mon&amp#27;[0m c1_0.id=a1_0.company_id 
    &amp#27;[34mjoin&amp#27;[0m
        position p1_0 
            &amp#27;[34mon&amp#27;[0m p1_0.id=a1_0.position_id 
    &amp#27;[34mwhere&amp#27;[0m
        a1_0.applicant_id=?
&amp#27;[35m[Hibernate]&amp#27;[0m 
    &amp#27;[34mselect&amp#27;[0m
        a1_0.applicant_id,
        a1_0.company_id,
        c1_0.id,
        c1_0.name,
        a1_0.position_id,
        p1_0.id,
        p1_0.name,
        a1_0.end_date,
        a1_0.salary,
        a1_0.start_date 
    &amp#27;[34mfrom&amp#27;[0m
        workhistory a1_0 
    &amp#27;[34mjoin&amp#27;[0m
        company c1_0 
            &amp#27;[34mon&amp#27;[0m c1_0.id=a1_0.company_id 
    &amp#27;[34mjoin&amp#27;[0m
        position p1_0 
            &amp#27;[34mon&amp#27;[0m p1_0.id=a1_0.position_id 
    &amp#27;[34mwhere&amp#27;[0m
        a1_0.applicant_id=?
&amp#27;[35m[Hibernate]&amp#27;[0m 
    &amp#27;[34mselect&amp#27;[0m
        a1_0.id,
        a1_0.apartment,
        a1_0.building,
        a1_0.first_name,
        a1_0.last_name,
        a1_0.middle_name,
        s1_0.id,
        s1_0.name,
        a1_0.sought_salary,
        a1_0.street,
        a2_0.applicant_id,
        a2_0.speciality_id,
        s2_0.id,
        s2_0.name,
        a2_0.university_id,
        u1_0.id,
        u1_0.name 
    &amp#27;[34mfrom&amp#27;[0m
        applicant a1_0 
    &amp#27;[34mleft&amp#27;[0m &amp#27;[34mjoin&amp#27;[0m
        position s1_0 
            &amp#27;[34mon&amp#27;[0m s1_0.id=a1_0.sought_post 
    &amp#27;[34mleft&amp#27;[0m &amp#27;[34mjoin&amp#27;[0m
        education a2_0 
            &amp#27;[34mon&amp#27;[0m a1_0.id=a2_0.applicant_id 
    &amp#27;[34mleft&amp#27;[0m &amp#27;[34mjoin&amp#27;[0m
        speciality s2_0 
            &amp#27;[34mon&amp#27;[0m s2_0.id=a2_0.speciality_id 
    &amp#27;[34mleft&amp#27;[0m &amp#27;[34mjoin&amp#27;[0m
        university u1_0 
            &amp#27;[34mon&amp#27;[0m u1_0.id=a2_0.university_id 
    &amp#27;[34mwhere&amp#27;[0m
        a1_0.id=?
&amp#27;[35m[Hibernate]&amp#27;[0m 
    &amp#27;[34mselect&amp#27;[0m
        a1_0.applicant_id,
        a1_0.company_id,
        c1_0.id,
        c1_0.name,
        a1_0.position_id,
        p1_0.id,
        p1_0.name,
        a1_0.end_date,
        a1_0.salary,
        a1_0.start_date 
    &amp#27;[34mfrom&amp#27;[0m
        workhistory a1_0 
    &amp#27;[34mjoin&amp#27;[0m
        company c1_0 
            &amp#27;[34mon&amp#27;[0m c1_0.id=a1_0.company_id 
    &amp#27;[34mjoin&amp#27;[0m
        position p1_0 
            &amp#27;[34mon&amp#27;[0m p1_0.id=a1_0.position_id 
    &amp#27;[34mwhere&amp#27;[0m
        a1_0.applicant_id=?
&amp#27;[35m[Hibernate]&amp#27;[0m 
    &amp#27;[34mselect&amp#27;[0m
        c1_0.company_id,
        c1_0.position_id,
        p1_0.id,
        p1_0.name,
        c1_0.req_exp,
        r1_0.id,
        r1_0.name,
        c1_0.salary 
    &amp#27;[34mfrom&amp#27;[0m
        vacancy c1_0 
    &amp#27;[34mjoin&amp#27;[0m
        position p1_0 
            &amp#27;[34mon&amp#27;[0m p1_0.id=c1_0.position_id 
    &amp#27;[34mleft&amp#27;[0m &amp#27;[34mjoin&amp#27;[0m
        speciality r1_0 
            &amp#27;[34mon&amp#27;[0m r1_0.id=c1_0.req_spec 
    &amp#27;[34mwhere&amp#27;[0m
        c1_0.company_id=?
&amp#27;[35m[Hibernate]&amp#27;[0m 
    &amp#27;[34mselect&amp#27;[0m
        c1_0.company_id,
        c1_0.position_id,
        p1_0.id,
        p1_0.name,
        c1_0.req_exp,
        r1_0.id,
        r1_0.name,
        c1_0.salary 
    &amp#27;[34mfrom&amp#27;[0m
        vacancy c1_0 
    &amp#27;[34mjoin&amp#27;[0m
        position p1_0 
            &amp#27;[34mon&amp#27;[0m p1_0.id=c1_0.position_id 
    &amp#27;[34mleft&amp#27;[0m &amp#27;[34mjoin&amp#27;[0m
        speciality r1_0 
            &amp#27;[34mon&amp#27;[0m r1_0.id=c1_0.req_spec 
    &amp#27;[34mwhere&amp#27;[0m
        c1_0.company_id=?
&amp#27;[35m[Hibernate]&amp#27;[0m 
    &amp#27;[34mselect&amp#27;[0m
        a1_0.id,
        a1_0.apartment,
        a1_0.building,
        a1_0.first_name,
        a1_0.last_name,
        a1_0.middle_name,
        s1_0.id,
        s1_0.name,
        a1_0.sought_salary,
        a1_0.street,
        a2_0.applicant_id,
        a2_0.speciality_id,
        s2_0.id,
        s2_0.name,
        a2_0.university_id,
        u1_0.id,
        u1_0.name 
    &amp#27;[34mfrom&amp#27;[0m
        applicant a1_0 
    &amp#27;[34mleft&amp#27;[0m &amp#27;[34mjoin&amp#27;[0m
        position s1_0 
            &amp#27;[34mon&amp#27;[0m s1_0.id=a1_0.sought_post 
    &amp#27;[34mleft&amp#27;[0m &amp#27;[34mjoin&amp#27;[0m
        education a2_0 
            &amp#27;[34mon&amp#27;[0m a1_0.id=a2_0.applicant_id 
    &amp#27;[34mleft&amp#27;[0m &amp#27;[34mjoin&amp#27;[0m
        speciality s2_0 
            &amp#27;[34mon&amp#27;[0m s2_0.id=a2_0.speciality_id 
    &amp#27;[34mleft&amp#27;[0m &amp#27;[34mjoin&amp#27;[0m
        university u1_0 
            &amp#27;[34mon&amp#27;[0m u1_0.id=a2_0.university_id 
    &amp#27;[34mwhere&amp#27;[0m
        a1_0.id=?
&amp#27;[35m[Hibernate]&amp#27;[0m 
    &amp#27;[34mselect&amp#27;[0m
        a1_0.applicant_id,
        a1_0.company_id,
        c1_0.id,
        c1_0.name,
        a1_0.position_id,
        p1_0.id,
        p1_0.name,
        a1_0.end_date,
        a1_0.salary,
        a1_0.start_date 
    &amp#27;[34mfrom&amp#27;[0m
        workhistory a1_0 
    &amp#27;[34mjoin&amp#27;[0m
        company c1_0 
            &amp#27;[34mon&amp#27;[0m c1_0.id=a1_0.company_id 
    &amp#27;[34mjoin&amp#27;[0m
        position p1_0 
            &amp#27;[34mon&amp#27;[0m p1_0.id=a1_0.position_id 
    &amp#27;[34mwhere&amp#27;[0m
        a1_0.applicant_id=?
&amp#27;[35m[Hibernate]&amp#27;[0m 
    &amp#27;[34mselect&amp#27;[0m
        c1_0.company_id,
        c1_0.position_id,
        p1_0.id,
        p1_0.name,
        c1_0.req_exp,
        r1_0.id,
        r1_0.name,
        c1_0.salary 
    &amp#27;[34mfrom&amp#27;[0m
        vacancy c1_0 
    &amp#27;[34mjoin&amp#27;[0m
        position p1_0 
            &amp#27;[34mon&amp#27;[0m p1_0.id=c1_0.position_id 
    &amp#27;[34mleft&amp#27;[0m &amp#27;[34mjoin&amp#27;[0m
        speciality r1_0 
            &amp#27;[34mon&amp#27;[0m r1_0.id=c1_0.req_spec 
    &amp#27;[34mwhere&amp#27;[0m
        c1_0.company_id=?
&amp#27;[35m[Hibernate]&amp#27;[0m 
    &amp#27;[34mselect&amp#27;[0m
        c1_0.company_id,
        c1_0.position_id,
        p1_0.id,
        p1_0.name,
        c1_0.req_exp,
        r1_0.id,
        r1_0.name,
        c1_0.salary 
    &amp#27;[34mfrom&amp#27;[0m
        vacancy c1_0 
    &amp#27;[34mjoin&amp#27;[0m
        position p1_0 
            &amp#27;[34mon&amp#27;[0m p1_0.id=c1_0.position_id 
    &amp#27;[34mleft&amp#27;[0m &amp#27;[34mjoin&amp#27;[0m
        speciality r1_0 
            &amp#27;[34mon&amp#27;[0m r1_0.id=c1_0.req_spec 
    &amp#27;[34mwhere&amp#27;[0m
        c1_0.company_id=?
&amp#27;[35m[Hibernate]&amp#27;[0m 
    &amp#27;[34mselect&amp#27;[0m
        a1_0.id,
        a1_0.apartment,
        a1_0.building,
        a1_0.first_name,
        a1_0.last_name,
        a1_0.middle_name,
        s1_0.id,
        s1_0.name,
        a1_0.sought_salary,
        a1_0.street,
        a2_0.applicant_id,
        a2_0.speciality_id,
        s2_0.id,
        s2_0.name,
        a2_0.university_id,
        u1_0.id,
        u1_0.name 
    &amp#27;[34mfrom&amp#27;[0m
        applicant a1_0 
    &amp#27;[34mleft&amp#27;[0m &amp#27;[34mjoin&amp#27;[0m
        position s1_0 
            &amp#27;[34mon&amp#27;[0m s1_0.id=a1_0.sought_post 
    &amp#27;[34mleft&amp#27;[0m &amp#27;[34mjoin&amp#27;[0m
        education a2_0 
            &amp#27;[34mon&amp#27;[0m a1_0.id=a2_0.applicant_id 
    &amp#27;[34mleft&amp#27;[0m &amp#27;[34mjoin&amp#27;[0m
        speciality s2_0 
            &amp#27;[34mon&amp#27;[0m s2_0.id=a2_0.speciality_id 
    &amp#27;[34mleft&amp#27;[0m &amp#27;[34mjoin&amp#27;[0m
        university u1_0 
            &amp#27;[34mon&amp#27;[0m u1_0.id=a2_0.university_id 
    &amp#27;[34mwhere&amp#27;[0m
        a1_0.id=?
&amp#27;[35m[Hibernate]&amp#27;[0m 
    &amp#27;[34mselect&amp#27;[0m
        a1_0.applicant_id,
        a1_0.company_id,
        c1_0.id,
        c1_0.name,
        a1_0.position_id,
        p1_0.id,
        p1_0.name,
        a1_0.end_date,
        a1_0.salary,
        a1_0.start_date 
    &amp#27;[34mfrom&amp#27;[0m
        workhistory a1_0 
    &amp#27;[34mjoin&amp#27;[0m
        company c1_0 
            &amp#27;[34mon&amp#27;[0m c1_0.id=a1_0.company_id 
    &amp#27;[34mjoin&amp#27;[0m
        position p1_0 
            &amp#27;[34mon&amp#27;[0m p1_0.id=a1_0.position_id 
    &amp#27;[34mwhere&amp#27;[0m
        a1_0.applicant_id=?
&amp#27;[35m[Hibernate]&amp#27;[0m 
    &amp#27;[34mselect&amp#27;[0m
        c1_0.company_id,
        c1_0.position_id,
        p1_0.id,
        p1_0.name,
        c1_0.req_exp,
        r1_0.id,
        r1_0.name,
        c1_0.salary 
    &amp#27;[34mfrom&amp#27;[0m
        vacancy c1_0 
    &amp#27;[34mjoin&amp#27;[0m
        position p1_0 
            &amp#27;[34mon&amp#27;[0m p1_0.id=c1_0.position_id 
    &amp#27;[34mleft&amp#27;[0m &amp#27;[34mjoin&amp#27;[0m
        speciality r1_0 
            &amp#27;[34mon&amp#27;[0m r1_0.id=c1_0.req_spec 
    &amp#27;[34mwhere&amp#27;[0m
        c1_0.company_id=?
&amp#27;[35m[Hibernate]&amp#27;[0m 
    &amp#27;[34mselect&amp#27;[0m
        c1_0.company_id,
        c1_0.position_id,
        p1_0.id,
        p1_0.name,
        c1_0.req_exp,
        r1_0.id,
        r1_0.name,
        c1_0.salary 
    &amp#27;[34mfrom&amp#27;[0m
        vacancy c1_0 
    &amp#27;[34mjoin&amp#27;[0m
        position p1_0 
            &amp#27;[34mon&amp#27;[0m p1_0.id=c1_0.position_id 
    &amp#27;[34mleft&amp#27;[0m &amp#27;[34mjoin&amp#27;[0m
        speciality r1_0 
            &amp#27;[34mon&amp#27;[0m r1_0.id=c1_0.req_spec 
    &amp#27;[34mwhere&amp#27;[0m
        c1_0.company_id=?
&amp#27;[35m[Hibernate]&amp#27;[0m 
    &amp#27;[34mselect&amp#27;[0m
        c1_0.company_id,
        c1_0.position_id,
        p1_0.id,
        p1_0.name,
        c1_0.req_exp,
        r1_0.id,
        r1_0.name,
        c1_0.salary 
    &amp#27;[34mfrom&amp#27;[0m
        vacancy c1_0 
    &amp#27;[34mjoin&amp#27;[0m
        position p1_0 
            &amp#27;[34mon&amp#27;[0m p1_0.id=c1_0.position_id 
    &amp#27;[34mleft&amp#27;[0m &amp#27;[34mjoin&amp#27;[0m
        speciality r1_0 
            &amp#27;[34mon&amp#27;[0m r1_0.id=c1_0.req_spec 
    &amp#27;[34mwhere&amp#27;[0m
        c1_0.company_id=?
&amp#27;[35m[Hibernate]&amp#27;[0m 
    &amp#27;[34mselect&amp#27;[0m
        a1_0.id,
        a1_0.apartment,
        a1_0.building,
        a1_0.first_name,
        a1_0.last_name,
        a1_0.middle_name,
        s1_0.id,
        s1_0.name,
        a1_0.sought_salary,
        a1_0.street,
        a2_0.applicant_id,
        a2_0.speciality_id,
        s2_0.id,
        s2_0.name,
        a2_0.university_id,
        u1_0.id,
        u1_0.name 
    &amp#27;[34mfrom&amp#27;[0m
        applicant a1_0 
    &amp#27;[34mleft&amp#27;[0m &amp#27;[34mjoin&amp#27;[0m
        position s1_0 
            &amp#27;[34mon&amp#27;[0m s1_0.id=a1_0.sought_post 
    &amp#27;[34mleft&amp#27;[0m &amp#27;[34mjoin&amp#27;[0m
        education a2_0 
            &amp#27;[34mon&amp#27;[0m a1_0.id=a2_0.applicant_id 
    &amp#27;[34mleft&amp#27;[0m &amp#27;[34mjoin&amp#27;[0m
        speciality s2_0 
            &amp#27;[34mon&amp#27;[0m s2_0.id=a2_0.speciality_id 
    &amp#27;[34mleft&amp#27;[0m &amp#27;[34mjoin&amp#27;[0m
        university u1_0 
            &amp#27;[34mon&amp#27;[0m u1_0.id=a2_0.university_id 
    &amp#27;[34mwhere&amp#27;[0m
        a1_0.id=?
&amp#27;[35m[Hibernate]&amp#27;[0m 
    &amp#27;[34mselect&amp#27;[0m
        a1_0.applicant_id,
        a1_0.company_id,
        c1_0.id,
        c1_0.name,
        a1_0.position_id,
        p1_0.id,
        p1_0.name,
        a1_0.end_date,
        a1_0.salary,
        a1_0.start_date 
    &amp#27;[34mfrom&amp#27;[0m
        workhistory a1_0 
    &amp#27;[34mjoin&amp#27;[0m
        company c1_0 
            &amp#27;[34mon&amp#27;[0m c1_0.id=a1_0.company_id 
    &amp#27;[34mjoin&amp#27;[0m
        position p1_0 
            &amp#27;[34mon&amp#27;[0m p1_0.id=a1_0.position_id 
    &amp#27;[34mwhere&amp#27;[0m
        a1_0.applicant_id=?
&amp#27;[35m[Hibernate]&amp#27;[0m 
    &amp#27;[34mselect&amp#27;[0m
        c1_0.company_id,
        c1_0.position_id,
        p1_0.id,
        p1_0.name,
        c1_0.req_exp,
        r1_0.id,
        r1_0.name,
        c1_0.salary 
    &amp#27;[34mfrom&amp#27;[0m
        vacancy c1_0 
    &amp#27;[34mjoin&amp#27;[0m
        position p1_0 
            &amp#27;[34mon&amp#27;[0m p1_0.id=c1_0.position_id 
    &amp#27;[34mleft&amp#27;[0m &amp#27;[34mjoin&amp#27;[0m
        speciality r1_0 
            &amp#27;[34mon&amp#27;[0m r1_0.id=c1_0.req_spec 
    &amp#27;[34mwhere&amp#27;[0m
        c1_0.company_id=?
&amp#27;[35m[Hibernate]&amp#27;[0m 
    &amp#27;[34mselect&amp#27;[0m
        c1_0.company_id,
        c1_0.position_id,
        p1_0.id,
        p1_0.name,
        c1_0.req_exp,
        r1_0.id,
        r1_0.name,
        c1_0.salary 
    &amp#27;[34mfrom&amp#27;[0m
        vacancy c1_0 
    &amp#27;[34mjoin&amp#27;[0m
        position p1_0 
            &amp#27;[34mon&amp#27;[0m p1_0.id=c1_0.position_id 
    &amp#27;[34mleft&amp#27;[0m &amp#27;[34mjoin&amp#27;[0m
        speciality r1_0 
            &amp#27;[34mon&amp#27;[0m r1_0.id=c1_0.req_spec 
    &amp#27;[34mwhere&amp#27;[0m
        c1_0.company_id=?
&amp#27;[35m[Hibernate]&amp#27;[0m 
    &amp#27;[34mselect&amp#27;[0m
        c1_0.company_id,
        c1_0.position_id,
        p1_0.id,
        p1_0.name,
        c1_0.req_exp,
        r1_0.id,
        r1_0.name,
        c1_0.salary 
    &amp#27;[34mfrom&amp#27;[0m
        vacancy c1_0 
    &amp#27;[34mjoin&amp#27;[0m
        position p1_0 
            &amp#27;[34mon&amp#27;[0m p1_0.id=c1_0.position_id 
    &amp#27;[34mleft&amp#27;[0m &amp#27;[34mjoin&amp#27;[0m
        speciality r1_0 
            &amp#27;[34mon&amp#27;[0m r1_0.id=c1_0.req_spec 
    &amp#27;[34mwhere&amp#27;[0m
        c1_0.company_id=?
&amp#27;[35m[Hibernate]&amp#27;[0m 
    &amp#27;[34mselect&amp#27;[0m
        a1_0.id,
        a1_0.apartment,
        a1_0.building,
        a1_0.first_name,
        a1_0.last_name,
        a1_0.middle_name,
        s1_0.id,
        s1_0.name,
        a1_0.sought_salary,
        a1_0.street,
        a2_0.applicant_id,
        a2_0.speciality_id,
        s2_0.id,
        s2_0.name,
        a2_0.university_id,
        u1_0.id,
        u1_0.name 
    &amp#27;[34mfrom&amp#27;[0m
        applicant a1_0 
    &amp#27;[34mleft&amp#27;[0m &amp#27;[34mjoin&amp#27;[0m
        position s1_0 
            &amp#27;[34mon&amp#27;[0m s1_0.id=a1_0.sought_post 
    &amp#27;[34mleft&amp#27;[0m &amp#27;[34mjoin&amp#27;[0m
        education a2_0 
            &amp#27;[34mon&amp#27;[0m a1_0.id=a2_0.applicant_id 
    &amp#27;[34mleft&amp#27;[0m &amp#27;[34mjoin&amp#27;[0m
        speciality s2_0 
            &amp#27;[34mon&amp#27;[0m s2_0.id=a2_0.speciality_id 
    &amp#27;[34mleft&amp#27;[0m &amp#27;[34mjoin&amp#27;[0m
        university u1_0 
            &amp#27;[34mon&amp#27;[0m u1_0.id=a2_0.university_id 
    &amp#27;[34mwhere&amp#27;[0m
        a1_0.id=?
&amp#27;[35m[Hibernate]&amp#27;[0m 
    &amp#27;[34mselect&amp#27;[0m
        a1_0.applicant_id,
        a1_0.company_id,
        c1_0.id,
        c1_0.name,
        a1_0.position_id,
        p1_0.id,
        p1_0.name,
        a1_0.end_date,
        a1_0.salary,
        a1_0.start_date 
    &amp#27;[34mfrom&amp#27;[0m
        workhistory a1_0 
    &amp#27;[34mjoin&amp#27;[0m
        company c1_0 
            &amp#27;[34mon&amp#27;[0m c1_0.id=a1_0.company_id 
    &amp#27;[34mjoin&amp#27;[0m
        position p1_0 
            &amp#27;[34mon&amp#27;[0m p1_0.id=a1_0.position_id 
    &amp#27;[34mwhere&amp#27;[0m
        a1_0.applicant_id=?
&amp#27;[35m[Hibernate]&amp#27;[0m 
    &amp#27;[34mselect&amp#27;[0m
        c1_0.company_id,
        c1_0.position_id,
        p1_0.id,
        p1_0.name,
        c1_0.req_exp,
        r1_0.id,
        r1_0.name,
        c1_0.salary 
    &amp#27;[34mfrom&amp#27;[0m
        vacancy c1_0 
    &amp#27;[34mjoin&amp#27;[0m
        position p1_0 
            &amp#27;[34mon&amp#27;[0m p1_0.id=c1_0.position_id 
    &amp#27;[34mleft&amp#27;[0m &amp#27;[34mjoin&amp#27;[0m
        speciality r1_0 
            &amp#27;[34mon&amp#27;[0m r1_0.id=c1_0.req_spec 
    &amp#27;[34mwhere&amp#27;[0m
        c1_0.company_id=?
&amp#27;[35m[Hibernate]&amp#27;[0m 
    &amp#27;[34mselect&amp#27;[0m
        c1_0.company_id,
        c1_0.position_id,
        p1_0.id,
        p1_0.name,
        c1_0.req_exp,
        r1_0.id,
        r1_0.name,
        c1_0.salary 
    &amp#27;[34mfrom&amp#27;[0m
        vacancy c1_0 
    &amp#27;[34mjoin&amp#27;[0m
        position p1_0 
            &amp#27;[34mon&amp#27;[0m p1_0.id=c1_0.position_id 
    &amp#27;[34mleft&amp#27;[0m &amp#27;[34mjoin&amp#27;[0m
        speciality r1_0 
            &amp#27;[34mon&amp#27;[0m r1_0.id=c1_0.req_spec 
    &amp#27;[34mwhere&amp#27;[0m
        c1_0.company_id=?
&amp#27;[35m[Hibernate]&amp#27;[0m 
    &amp#27;[34mselect&amp#27;[0m
        c1_0.company_id,
        c1_0.position_id,
        p1_0.id,
        p1_0.name,
        c1_0.req_exp,
        r1_0.id,
        r1_0.name,
        c1_0.salary 
    &amp#27;[34mfrom&amp#27;[0m
        vacancy c1_0 
    &amp#27;[34mjoin&amp#27;[0m
        position p1_0 
            &amp#27;[34mon&amp#27;[0m p1_0.id=c1_0.position_id 
    &amp#27;[34mleft&amp#27;[0m &amp#27;[34mjoin&amp#27;[0m
        speciality r1_0 
            &amp#27;[34mon&amp#27;[0m r1_0.id=c1_0.req_spec 
    &amp#27;[34mwhere&amp#27;[0m
        c1_0.company_id=?
&amp#27;[35m[Hibernate]&amp#27;[0m 
    &amp#27;[34mselect&amp#27;[0m
        a1_0.id,
        a1_0.apartment,
        a1_0.building,
        a1_0.first_name,
        a1_0.last_name,
        a1_0.middle_name,
        s1_0.id,
        s1_0.name,
        a1_0.sought_salary,
        a1_0.street,
        a2_0.applicant_id,
        a2_0.speciality_id,
        s2_0.id,
        s2_0.name,
        a2_0.university_id,
        u1_0.id,
        u1_0.name 
    &amp#27;[34mfrom&amp#27;[0m
        applicant a1_0 
    &amp#27;[34mleft&amp#27;[0m &amp#27;[34mjoin&amp#27;[0m
        position s1_0 
            &amp#27;[34mon&amp#27;[0m s1_0.id=a1_0.sought_post 
    &amp#27;[34mleft&amp#27;[0m &amp#27;[34mjoin&amp#27;[0m
        education a2_0 
            &amp#27;[34mon&amp#27;[0m a1_0.id=a2_0.applicant_id 
    &amp#27;[34mleft&amp#27;[0m &amp#27;[34mjoin&amp#27;[0m
        speciality s2_0 
            &amp#27;[34mon&amp#27;[0m s2_0.id=a2_0.speciality_id 
    &amp#27;[34mleft&amp#27;[0m &amp#27;[34mjoin&amp#27;[0m
        university u1_0 
            &amp#27;[34mon&amp#27;[0m u1_0.id=a2_0.university_id 
    &amp#27;[34mwhere&amp#27;[0m
        a1_0.id=?
&amp#27;[35m[Hibernate]&amp#27;[0m 
    &amp#27;[34mselect&amp#27;[0m
        a1_0.applicant_id,
        a1_0.company_id,
        c1_0.id,
        c1_0.name,
        a1_0.position_id,
        p1_0.id,
        p1_0.name,
        a1_0.end_date,
        a1_0.salary,
        a1_0.start_date 
    &amp#27;[34mfrom&amp#27;[0m
        workhistory a1_0 
    &amp#27;[34mjoin&amp#27;[0m
        company c1_0 
            &amp#27;[34mon&amp#27;[0m c1_0.id=a1_0.company_id 
    &amp#27;[34mjoin&amp#27;[0m
        position p1_0 
            &amp#27;[34mon&amp#27;[0m p1_0.id=a1_0.position_id 
    &amp#27;[34mwhere&amp#27;[0m
        a1_0.applicant_id=?
&amp#27;[35m[Hibernate]&amp#27;[0m 
    &amp#27;[34mselect&amp#27;[0m
        c1_0.company_id,
        c1_0.position_id,
        p1_0.id,
        p1_0.name,
        c1_0.req_exp,
        r1_0.id,
        r1_0.name,
        c1_0.salary 
    &amp#27;[34mfrom&amp#27;[0m
        vacancy c1_0 
    &amp#27;[34mjoin&amp#27;[0m
        position p1_0 
            &amp#27;[34mon&amp#27;[0m p1_0.id=c1_0.position_id 
    &amp#27;[34mleft&amp#27;[0m &amp#27;[34mjoin&amp#27;[0m
        speciality r1_0 
            &amp#27;[34mon&amp#27;[0m r1_0.id=c1_0.req_spec 
    &amp#27;[34mwhere&amp#27;[0m
        c1_0.company_id=?
&amp#27;[35m[Hibernate]&amp#27;[0m 
    &amp#27;[34mselect&amp#27;[0m
        a1_0.id,
        a1_0.apartment,
        a1_0.building,
        a1_0.first_name,
        a1_0.last_name,
        a1_0.middle_name,
        s1_0.id,
        s1_0.name,
        a1_0.sought_salary,
        a1_0.street,
        a2_0.applicant_id,
        a2_0.speciality_id,
        s2_0.id,
        s2_0.name,
        a2_0.university_id,
        u1_0.id,
        u1_0.name 
    &amp#27;[34mfrom&amp#27;[0m
        applicant a1_0 
    &amp#27;[34mleft&amp#27;[0m &amp#27;[34mjoin&amp#27;[0m
        position s1_0 
            &amp#27;[34mon&amp#27;[0m s1_0.id=a1_0.sought_post 
    &amp#27;[34mleft&amp#27;[0m &amp#27;[34mjoin&amp#27;[0m
        education a2_0 
            &amp#27;[34mon&amp#27;[0m a1_0.id=a2_0.applicant_id 
    &amp#27;[34mleft&amp#27;[0m &amp#27;[34mjoin&amp#27;[0m
        speciality s2_0 
            &amp#27;[34mon&amp#27;[0m s2_0.id=a2_0.speciality_id 
    &amp#27;[34mleft&amp#27;[0m &amp#27;[34mjoin&amp#27;[0m
        university u1_0 
            &amp#27;[34mon&amp#27;[0m u1_0.id=a2_0.university_id 
    &amp#27;[34mwhere&amp#27;[0m
        a1_0.id=?
&amp#27;[35m[Hibernate]&amp#27;[0m 
    &amp#27;[34mselect&amp#27;[0m
        a1_0.applicant_id,
        a1_0.company_id,
        c1_0.id,
        c1_0.name,
        a1_0.position_id,
        p1_0.id,
        p1_0.name,
        a1_0.end_date,
        a1_0.salary,
        a1_0.start_date 
    &amp#27;[34mfrom&amp#27;[0m
        workhistory a1_0 
    &amp#27;[34mjoin&amp#27;[0m
        company c1_0 
            &amp#27;[34mon&amp#27;[0m c1_0.id=a1_0.company_id 
    &amp#27;[34mjoin&amp#27;[0m
        position p1_0 
            &amp#27;[34mon&amp#27;[0m p1_0.id=a1_0.position_id 
    &amp#27;[34mwhere&amp#27;[0m
        a1_0.applicant_id=?
&amp#27;[35m[Hibernate]&amp#27;[0m 
    &amp#27;[34mselect&amp#27;[0m
        c1_0.company_id,
        c1_0.position_id,
        p1_0.id,
        p1_0.name,
        c1_0.req_exp,
        r1_0.id,
        r1_0.name,
        c1_0.salary 
    &amp#27;[34mfrom&amp#27;[0m
        vacancy c1_0 
    &amp#27;[34mjoin&amp#27;[0m
        position p1_0 
            &amp#27;[34mon&amp#27;[0m p1_0.id=c1_0.position_id 
    &amp#27;[34mleft&amp#27;[0m &amp#27;[34mjoin&amp#27;[0m
        speciality r1_0 
            &amp#27;[34mon&amp#27;[0m r1_0.id=c1_0.req_spec 
    &amp#27;[34mwhere&amp#27;[0m
        c1_0.company_id=?
&amp#27;[35m[Hibernate]&amp#27;[0m 
    &amp#27;[34mselect&amp#27;[0m
        c1_0.company_id,
        c1_0.position_id,
        p1_0.id,
        p1_0.name,
        c1_0.req_exp,
        r1_0.id,
        r1_0.name,
        c1_0.salary 
    &amp#27;[34mfrom&amp#27;[0m
        vacancy c1_0 
    &amp#27;[34mjoin&amp#27;[0m
        position p1_0 
            &amp#27;[34mon&amp#27;[0m p1_0.id=c1_0.position_id 
    &amp#27;[34mleft&amp#27;[0m &amp#27;[34mjoin&amp#27;[0m
        speciality r1_0 
            &amp#27;[34mon&amp#27;[0m r1_0.id=c1_0.req_spec 
    &amp#27;[34mwhere&amp#27;[0m
        c1_0.company_id=?
&amp#27;[35m[Hibernate]&amp#27;[0m 
    &amp#27;[34mselect&amp#27;[0m
        a1_0.id,
        a1_0.apartment,
        a1_0.building,
        a1_0.first_name,
        a1_0.last_name,
        a1_0.middle_name,
        s1_0.id,
        s1_0.name,
        a1_0.sought_salary,
        a1_0.street,
        a2_0.applicant_id,
        a2_0.speciality_id,
        s2_0.id,
        s2_0.name,
        a2_0.university_id,
        u1_0.id,
        u1_0.name 
    &amp#27;[34mfrom&amp#27;[0m
        applicant a1_0 
    &amp#27;[34mleft&amp#27;[0m &amp#27;[34mjoin&amp#27;[0m
        position s1_0 
            &amp#27;[34mon&amp#27;[0m s1_0.id=a1_0.sought_post 
    &amp#27;[34mleft&amp#27;[0m &amp#27;[34mjoin&amp#27;[0m
        education a2_0 
            &amp#27;[34mon&amp#27;[0m a1_0.id=a2_0.applicant_id 
    &amp#27;[34mleft&amp#27;[0m &amp#27;[34mjoin&amp#27;[0m
        speciality s2_0 
            &amp#27;[34mon&amp#27;[0m s2_0.id=a2_0.speciality_id 
    &amp#27;[34mleft&amp#27;[0m &amp#27;[34mjoin&amp#27;[0m
        university u1_0 
            &amp#27;[34mon&amp#27;[0m u1_0.id=a2_0.university_id 
    &amp#27;[34mwhere&amp#27;[0m
        a1_0.id=?
&amp#27;[35m[Hibernate]&amp#27;[0m 
    &amp#27;[34mselect&amp#27;[0m
        a1_0.applicant_id,
        a1_0.company_id,
        c1_0.id,
        c1_0.name,
        a1_0.position_id,
        p1_0.id,
        p1_0.name,
        a1_0.end_date,
        a1_0.salary,
        a1_0.start_date 
    &amp#27;[34mfrom&amp#27;[0m
        workhistory a1_0 
    &amp#27;[34mjoin&amp#27;[0m
        company c1_0 
            &amp#27;[34mon&amp#27;[0m c1_0.id=a1_0.company_id 
    &amp#27;[34mjoin&amp#27;[0m
        position p1_0 
            &amp#27;[34mon&amp#27;[0m p1_0.id=a1_0.position_id 
    &amp#27;[34mwhere&amp#27;[0m
        a1_0.applicant_id=?
&amp#27;[35m[Hibernate]&amp#27;[0m 
    &amp#27;[34mselect&amp#27;[0m
        c1_0.company_id,
        c1_0.position_id,
        p1_0.id,
        p1_0.name,
        c1_0.req_exp,
        r1_0.id,
        r1_0.name,
        c1_0.salary 
    &amp#27;[34mfrom&amp#27;[0m
        vacancy c1_0 
    &amp#27;[34mjoin&amp#27;[0m
        position p1_0 
            &amp#27;[34mon&amp#27;[0m p1_0.id=c1_0.position_id 
    &amp#27;[34mleft&amp#27;[0m &amp#27;[34mjoin&amp#27;[0m
        speciality r1_0 
            &amp#27;[34mon&amp#27;[0m r1_0.id=c1_0.req_spec 
    &amp#27;[34mwhere&amp#27;[0m
        c1_0.company_id=?
&amp#27;[35m[Hibernate]&amp#27;[0m 
    &amp#27;[34mselect&amp#27;[0m
        c1_0.company_id,
        c1_0.position_id,
        p1_0.id,
        p1_0.name,
        c1_0.req_exp,
        r1_0.id,
        r1_0.name,
        c1_0.salary 
    &amp#27;[34mfrom&amp#27;[0m
        vacancy c1_0 
    &amp#27;[34mjoin&amp#27;[0m
        position p1_0 
            &amp#27;[34mon&amp#27;[0m p1_0.id=c1_0.position_id 
    &amp#27;[34mleft&amp#27;[0m &amp#27;[34mjoin&amp#27;[0m
        speciality r1_0 
            &amp#27;[34mon&amp#27;[0m r1_0.id=c1_0.req_spec 
    &amp#27;[34mwhere&amp#27;[0m
        c1_0.company_id=?
&amp#27;[35m[Hibernate]&amp#27;[0m 
    &amp#27;[34mselect&amp#27;[0m
        a1_0.id,
        a1_0.apartment,
        a1_0.building,
        a1_0.first_name,
        a1_0.last_name,
        a1_0.middle_name,
        s1_0.id,
        s1_0.name,
        a1_0.sought_salary,
        a1_0.street,
        a2_0.applicant_id,
        a2_0.speciality_id,
        s2_0.id,
        s2_0.name,
        a2_0.university_id,
        u1_0.id,
        u1_0.name 
    &amp#27;[34mfrom&amp#27;[0m
        applicant a1_0 
    &amp#27;[34mleft&amp#27;[0m &amp#27;[34mjoin&amp#27;[0m
        position s1_0 
            &amp#27;[34mon&amp#27;[0m s1_0.id=a1_0.sought_post 
    &amp#27;[34mleft&amp#27;[0m &amp#27;[34mjoin&amp#27;[0m
        education a2_0 
            &amp#27;[34mon&amp#27;[0m a1_0.id=a2_0.applicant_id 
    &amp#27;[34mleft&amp#27;[0m &amp#27;[34mjoin&amp#27;[0m
        speciality s2_0 
            &amp#27;[34mon&amp#27;[0m s2_0.id=a2_0.speciality_id 
    &amp#27;[34mleft&amp#27;[0m &amp#27;[34mjoin&amp#27;[0m
        university u1_0 
            &amp#27;[34mon&amp#27;[0m u1_0.id=a2_0.university_id 
    &amp#27;[34mwhere&amp#27;[0m
        a1_0.id=?
&amp#27;[35m[Hibernate]&amp#27;[0m 
    &amp#27;[34mselect&amp#27;[0m
        a1_0.applicant_id,
        a1_0.company_id,
        c1_0.id,
        c1_0.name,
        a1_0.position_id,
        p1_0.id,
        p1_0.name,
        a1_0.end_date,
        a1_0.salary,
        a1_0.start_date 
    &amp#27;[34mfrom&amp#27;[0m
        workhistory a1_0 
    &amp#27;[34mjoin&amp#27;[0m
        company c1_0 
            &amp#27;[34mon&amp#27;[0m c1_0.id=a1_0.company_id 
    &amp#27;[34mjoin&amp#27;[0m
        position p1_0 
            &amp#27;[34mon&amp#27;[0m p1_0.id=a1_0.position_id 
    &amp#27;[34mwhere&amp#27;[0m
        a1_0.applicant_id=?
&amp#27;[35m[Hibernate]&amp#27;[0m 
    &amp#27;[34mselect&amp#27;[0m
        c1_0.company_id,
        c1_0.position_id,
        p1_0.id,
        p1_0.name,
        c1_0.req_exp,
        r1_0.id,
        r1_0.name,
        c1_0.salary 
    &amp#27;[34mfrom&amp#27;[0m
        vacancy c1_0 
    &amp#27;[34mjoin&amp#27;[0m
        position p1_0 
            &amp#27;[34mon&amp#27;[0m p1_0.id=c1_0.position_id 
    &amp#27;[34mleft&amp#27;[0m &amp#27;[34mjoin&amp#27;[0m
        speciality r1_0 
            &amp#27;[34mon&amp#27;[0m r1_0.id=c1_0.req_spec 
    &amp#27;[34mwhere&amp#27;[0m
        c1_0.company_id=?
&amp#27;[35m[Hibernate]&amp#27;[0m 
    &amp#27;[34mselect&amp#27;[0m
        a1_0.id,
        a1_0.apartment,
        a1_0.building,
        a1_0.first_name,
        a1_0.last_name,
        a1_0.middle_name,
        s1_0.id,
        s1_0.name,
        a1_0.sought_salary,
        a1_0.street,
        a2_0.applicant_id,
        a2_0.speciality_id,
        s2_0.id,
        s2_0.name,
        a2_0.university_id,
        u1_0.id,
        u1_0.name 
    &amp#27;[34mfrom&amp#27;[0m
        applicant a1_0 
    &amp#27;[34mleft&amp#27;[0m &amp#27;[34mjoin&amp#27;[0m
        position s1_0 
            &amp#27;[34mon&amp#27;[0m s1_0.id=a1_0.sought_post 
    &amp#27;[34mleft&amp#27;[0m &amp#27;[34mjoin&amp#27;[0m
        education a2_0 
            &amp#27;[34mon&amp#27;[0m a1_0.id=a2_0.applicant_id 
    &amp#27;[34mleft&amp#27;[0m &amp#27;[34mjoin&amp#27;[0m
        speciality s2_0 
            &amp#27;[34mon&amp#27;[0m s2_0.id=a2_0.speciality_id 
    &amp#27;[34mleft&amp#27;[0m &amp#27;[34mjoin&amp#27;[0m
        university u1_0 
            &amp#27;[34mon&amp#27;[0m u1_0.id=a2_0.university_id 
    &amp#27;[34mwhere&amp#27;[0m
        a1_0.id=?
&amp#27;[35m[Hibernate]&amp#27;[0m 
    &amp#27;[34mselect&amp#27;[0m
        a1_0.applicant_id,
        a1_0.company_id,
        c1_0.id,
        c1_0.name,
        a1_0.position_id,
        p1_0.id,
        p1_0.name,
        a1_0.end_date,
        a1_0.salary,
        a1_0.start_date 
    &amp#27;[34mfrom&amp#27;[0m
        workhistory a1_0 
    &amp#27;[34mjoin&amp#27;[0m
        company c1_0 
            &amp#27;[34mon&amp#27;[0m c1_0.id=a1_0.company_id 
    &amp#27;[34mjoin&amp#27;[0m
        position p1_0 
            &amp#27;[34mon&amp#27;[0m p1_0.id=a1_0.position_id 
    &amp#27;[34mwhere&amp#27;[0m
        a1_0.applicant_id=?
&amp#27;[35m[Hibernate]&amp#27;[0m 
    &amp#27;[34mselect&amp#27;[0m
        c1_0.company_id,
        c1_0.position_id,
        p1_0.id,
        p1_0.name,
        c1_0.req_exp,
        r1_0.id,
        r1_0.name,
        c1_0.salary 
    &amp#27;[34mfrom&amp#27;[0m
        vacancy c1_0 
    &amp#27;[34mjoin&amp#27;[0m
        position p1_0 
            &amp#27;[34mon&amp#27;[0m p1_0.id=c1_0.position_id 
    &amp#27;[34mleft&amp#27;[0m &amp#27;[34mjoin&amp#27;[0m
        speciality r1_0 
            &amp#27;[34mon&amp#27;[0m r1_0.id=c1_0.req_spec 
    &amp#27;[34mwhere&amp#27;[0m
        c1_0.company_id=?
&amp#27;[35m[Hibernate]&amp#27;[0m 
    &amp#27;[34mselect&amp#27;[0m
        c1_0.company_id,
        c1_0.position_id,
        p1_0.id,
        p1_0.name,
        c1_0.req_exp,
        r1_0.id,
        r1_0.name,
        c1_0.salary 
    &amp#27;[34mfrom&amp#27;[0m
        vacancy c1_0 
    &amp#27;[34mjoin&amp#27;[0m
        position p1_0 
            &amp#27;[34mon&amp#27;[0m p1_0.id=c1_0.position_id 
    &amp#27;[34mleft&amp#27;[0m &amp#27;[34mjoin&amp#27;[0m
        speciality r1_0 
[...]
        w1_0.start_date 
    &amp#27;[34mfrom&amp#27;[0m
        workhistory w1_0 
    &amp#27;[34mwhere&amp#27;[0m
        w1_0.applicant_id=? 
        &amp#27;[34mand&amp#27;[0m w1_0.company_id=? 
        &amp#27;[34mand&amp#27;[0m w1_0.position_id=?
&amp#27;[35m[Hibernate]&amp#27;[0m 
    &amp#27;[34mselect&amp#27;[0m
        a1_0.id,
        a1_0.apartment,
        a1_0.building,
        a1_0.first_name,
        a1_0.last_name,
        a1_0.middle_name,
        s1_0.id,
        s1_0.name,
        a1_0.sought_salary,
        a1_0.street,
        a2_0.applicant_id,
        a2_0.speciality_id,
        s2_0.id,
        s2_0.name,
        a2_0.university_id,
        u1_0.id,
        u1_0.name 
    &amp#27;[34mfrom&amp#27;[0m
        applicant a1_0 
    &amp#27;[34mleft&amp#27;[0m &amp#27;[34mjoin&amp#27;[0m
        position s1_0 
            &amp#27;[34mon&amp#27;[0m s1_0.id=a1_0.sought_post 
    &amp#27;[34mleft&amp#27;[0m &amp#27;[34mjoin&amp#27;[0m
        education a2_0 
            &amp#27;[34mon&amp#27;[0m a1_0.id=a2_0.applicant_id 
    &amp#27;[34mleft&amp#27;[0m &amp#27;[34mjoin&amp#27;[0m
        speciality s2_0 
            &amp#27;[34mon&amp#27;[0m s2_0.id=a2_0.speciality_id 
    &amp#27;[34mleft&amp#27;[0m &amp#27;[34mjoin&amp#27;[0m
        university u1_0 
            &amp#27;[34mon&amp#27;[0m u1_0.id=a2_0.university_id 
    &amp#27;[34mwhere&amp#27;[0m
        a1_0.id=?
&amp#27;[35m[Hibernate]&amp#27;[0m 
    &amp#27;[34mselect&amp#27;[0m
        c1_0.id,
        c1_0.name,
        c2_0.company_id,
        c2_0.position_id,
        p1_0.id,
        p1_0.name,
        c2_0.req_exp,
        r1_0.id,
        r1_0.name,
        c2_0.salary 
    &amp#27;[34mfrom&amp#27;[0m
        company c1_0 
    &amp#27;[34mleft&amp#27;[0m &amp#27;[34mjoin&amp#27;[0m
        vacancy c2_0 
            &amp#27;[34mon&amp#27;[0m c1_0.id=c2_0.company_id 
    &amp#27;[34mleft&amp#27;[0m &amp#27;[34mjoin&amp#27;[0m
        position p1_0 
            &amp#27;[34mon&amp#27;[0m p1_0.id=c2_0.position_id 
    &amp#27;[34mleft&amp#27;[0m &amp#27;[34mjoin&amp#27;[0m
        speciality r1_0 
            &amp#27;[34mon&amp#27;[0m r1_0.id=c2_0.req_spec 
    &amp#27;[34mwhere&amp#27;[0m
        c1_0.id=?
&amp#27;[35m[Hibernate]&amp#27;[0m 
    &amp#27;[34mselect&amp#27;[0m
        a1_0.applicant_id,
        a1_0.company_id,
        c1_0.id,
        c1_0.name,
        a1_0.position_id,
        p1_0.id,
        p1_0.name,
        a1_0.end_date,
        a1_0.salary,
        a1_0.start_date 
    &amp#27;[34mfrom&amp#27;[0m
        workhistory a1_0 
    &amp#27;[34mjoin&amp#27;[0m
        company c1_0 
            &amp#27;[34mon&amp#27;[0m c1_0.id=a1_0.company_id 
    &amp#27;[34mjoin&amp#27;[0m
        position p1_0 
            &amp#27;[34mon&amp#27;[0m p1_0.id=a1_0.position_id 
    &amp#27;[34mwhere&amp#27;[0m
        a1_0.applicant_id=?
&amp#27;[35m[Hibernate]&amp#27;[0m 
    &amp#27;[34mselect&amp#27;[0m
        c1_0.company_id,
        c1_0.position_id,
        p1_0.id,
        p1_0.name,
        c1_0.req_exp,
        r1_0.id,
        r1_0.name,
        c1_0.salary 
    &amp#27;[34mfrom&amp#27;[0m
        vacancy c1_0 
    &amp#27;[34mjoin&amp#27;[0m
        position p1_0 
            &amp#27;[34mon&amp#27;[0m p1_0.id=c1_0.position_id 
    &amp#27;[34mleft&amp#27;[0m &amp#27;[34mjoin&amp#27;[0m
        speciality r1_0 
            &amp#27;[34mon&amp#27;[0m r1_0.id=c1_0.req_spec 
    &amp#27;[34mwhere&amp#27;[0m
        c1_0.company_id=?
&amp#27;[35m[Hibernate]&amp#27;[0m 
    &amp#27;[34mselect&amp#27;[0m
        p1_0.id,
        p1_0.name 
    &amp#27;[34mfrom&amp#27;[0m
        position p1_0 
    &amp#27;[34mwhere&amp#27;[0m
        p1_0.id=?
&amp#27;[35m[Hibernate]&amp#27;[0m 
    &amp#27;[34mselect&amp#27;[0m
        &amp#27;[34mnull&amp#27;[0m,
        w1_0.end_date,
        w1_0.salary,
        w1_0.start_date 
    &amp#27;[34mfrom&amp#27;[0m
        workhistory w1_0 
    &amp#27;[34mwhere&amp#27;[0m
        w1_0.applicant_id=? 
        &amp#27;[34mand&amp#27;[0m w1_0.company_id=? 
        &amp#27;[34mand&amp#27;[0m w1_0.position_id=?
&amp#27;[35m[Hibernate]&amp#27;[0m 
    &amp#27;[34mdelete&amp#27;[0m 
    &amp#27;[34mfrom&amp#27;[0m
        workhistory 
    &amp#27;[34mwhere&amp#27;[0m
        applicant_id=? 
        &amp#27;[34mand&amp#27;[0m company_id=? 
        &amp#27;[34mand&amp#27;[0m position_id=?
&amp#27;[35m[Hibernate]&amp#27;[0m 
    &amp#27;[34mselect&amp#27;[0m
        w1_0.applicant_id,
        a1_0.id,
        a1_0.apartment,
        a1_0.building,
        a1_0.first_name,
        a1_0.last_name,
        a1_0.middle_name,
        s1_0.id,
        s1_0.name,
        a1_0.sought_salary,
        a1_0.street,
        a2_0.applicant_id,
        a2_0.speciality_id,
        s2_0.id,
        s2_0.name,
        a2_0.university_id,
        u1_0.id,
        u1_0.name,
        w1_0.company_id,
        c1_0.id,
        c1_0.name,
        w1_0.position_id,
        p1_0.id,
        p1_0.name,
        w1_0.end_date,
        w1_0.salary,
        w1_0.start_date 
    &amp#27;[34mfrom&amp#27;[0m
        workhistory w1_0 
    &amp#27;[34mjoin&amp#27;[0m
        applicant a1_0 
            &amp#27;[34mon&amp#27;[0m a1_0.id=w1_0.applicant_id 
    &amp#27;[34mleft&amp#27;[0m &amp#27;[34mjoin&amp#27;[0m
        position s1_0 
            &amp#27;[34mon&amp#27;[0m s1_0.id=a1_0.sought_post 
    &amp#27;[34mleft&amp#27;[0m &amp#27;[34mjoin&amp#27;[0m
        education a2_0 
            &amp#27;[34mon&amp#27;[0m a1_0.id=a2_0.applicant_id 
    &amp#27;[34mleft&amp#27;[0m &amp#27;[34mjoin&amp#27;[0m
        speciality s2_0 
            &amp#27;[34mon&amp#27;[0m s2_0.id=a2_0.speciality_id 
    &amp#27;[34mleft&amp#27;[0m &amp#27;[34mjoin&amp#27;[0m
        university u1_0 
            &amp#27;[34mon&amp#27;[0m u1_0.id=a2_0.university_id 
    &amp#27;[34mjoin&amp#27;[0m
        company c1_0 
            &amp#27;[34mon&amp#27;[0m c1_0.id=w1_0.company_id 
    &amp#27;[34mjoin&amp#27;[0m
        position p1_0 
            &amp#27;[34mon&amp#27;[0m p1_0.id=w1_0.position_id 
    &amp#27;[34mwhere&amp#27;[0m
        (
            w1_0.applicant_id, w1_0.company_id, w1_0.position_id
        ) &amp#27;[34min&amp#27;[0m ((?, ?, ?))
&amp#27;[35m[Hibernate]&amp#27;[0m 
    &amp#27;[34minsert&amp#27;[0m 
    &amp#27;[34minto&amp#27;[0m
        workhistory
        (end_date, salary, start_date, applicant_id, company_id, position_id) 
    &amp#27;[34mvalues&amp#27;[0m
        (?, ?, ?, ?, ?, ?)
&amp#27;[35m[Hibernate]&amp#27;[0m 
    &amp#27;[34mselect&amp#27;[0m
        w1_0.applicant_id,
        w1_0.company_id,
        w1_0.position_id,
        w1_0.end_date,
        w1_0.salary,
        w1_0.start_date 
    &amp#27;[34mfrom&amp#27;[0m
        workhistory w1_0 
    &amp#27;[34mwhere&amp#27;[0m
        w1_0.applicant_id=? 
        &amp#27;[34mand&amp#27;[0m w1_0.company_id=? 
        &amp#27;[34mand&amp#27;[0m w1_0.position_id=?
&amp#27;[35m[Hibernate]&amp#27;[0m 
    &amp#27;[34mselect&amp#27;[0m
        a1_0.id,
        a1_0.apartment,
        a1_0.building,
        a1_0.first_name,
        a1_0.last_name,
        a1_0.middle_name,
        s1_0.id,
        s1_0.name,
        a1_0.sought_salary,
        a1_0.street,
        a2_0.applicant_id,
        a2_0.speciality_id,
        s2_0.id,
        s2_0.name,
        a2_0.university_id,
        u1_0.id,
        u1_0.name 
    &amp#27;[34mfrom&amp#27;[0m
        applicant a1_0 
    &amp#27;[34mleft&amp#27;[0m &amp#27;[34mjoin&amp#27;[0m
        position s1_0 
            &amp#27;[34mon&amp#27;[0m s1_0.id=a1_0.sought_post 
    &amp#27;[34mleft&amp#27;[0m &amp#27;[34mjoin&amp#27;[0m
        education a2_0 
            &amp#27;[34mon&amp#27;[0m a1_0.id=a2_0.applicant_id 
    &amp#27;[34mleft&amp#27;[0m &amp#27;[34mjoin&amp#27;[0m
        speciality s2_0 
            &amp#27;[34mon&amp#27;[0m s2_0.id=a2_0.speciality_id 
    &amp#27;[34mleft&amp#27;[0m &amp#27;[34mjoin&amp#27;[0m
        university u1_0 
            &amp#27;[34mon&amp#27;[0m u1_0.id=a2_0.university_id 
    &amp#27;[34mwhere&amp#27;[0m
        a1_0.id=?
&amp#27;[35m[Hibernate]&amp#27;[0m 
    &amp#27;[34mselect&amp#27;[0m
        c1_0.id,
        c1_0.name,
        c2_0.company_id,
        c2_0.position_id,
        p1_0.id,
        p1_0.name,
        c2_0.req_exp,
        r1_0.id,
        r1_0.name,
        c2_0.salary 
    &amp#27;[34mfrom&amp#27;[0m
        company c1_0 
    &amp#27;[34mleft&amp#27;[0m &amp#27;[34mjoin&amp#27;[0m
        vacancy c2_0 
            &amp#27;[34mon&amp#27;[0m c1_0.id=c2_0.company_id 
    &amp#27;[34mleft&amp#27;[0m &amp#27;[34mjoin&amp#27;[0m
        position p1_0 
            &amp#27;[34mon&amp#27;[0m p1_0.id=c2_0.position_id 
    &amp#27;[34mleft&amp#27;[0m &amp#27;[34mjoin&amp#27;[0m
        speciality r1_0 
            &amp#27;[34mon&amp#27;[0m r1_0.id=c2_0.req_spec 
    &amp#27;[34mwhere&amp#27;[0m
        c1_0.id=?
&amp#27;[35m[Hibernate]&amp#27;[0m 
    &amp#27;[34mselect&amp#27;[0m
        a1_0.applicant_id,
        a1_0.company_id,
        c1_0.id,
        c1_0.name,
        a1_0.position_id,
        p1_0.id,
        p1_0.name,
        a1_0.end_date,
        a1_0.salary,
        a1_0.start_date 
    &amp#27;[34mfrom&amp#27;[0m
        workhistory a1_0 
    &amp#27;[34mjoin&amp#27;[0m
        company c1_0 
            &amp#27;[34mon&amp#27;[0m c1_0.id=a1_0.company_id 
    &amp#27;[34mjoin&amp#27;[0m
        position p1_0 
            &amp#27;[34mon&amp#27;[0m p1_0.id=a1_0.position_id 
    &amp#27;[34mwhere&amp#27;[0m
        a1_0.applicant_id=?
&amp#27;[35m[Hibernate]&amp#27;[0m 
    &amp#27;[34mselect&amp#27;[0m
        c1_0.company_id,
        c1_0.position_id,
        p1_0.id,
        p1_0.name,
        c1_0.req_exp,
        r1_0.id,
        r1_0.name,
        c1_0.salary 
    &amp#27;[34mfrom&amp#27;[0m
        vacancy c1_0 
    &amp#27;[34mjoin&amp#27;[0m
        position p1_0 
            &amp#27;[34mon&amp#27;[0m p1_0.id=c1_0.position_id 
    &amp#27;[34mleft&amp#27;[0m &amp#27;[34mjoin&amp#27;[0m
        speciality r1_0 
            &amp#27;[34mon&amp#27;[0m r1_0.id=c1_0.req_spec 
    &amp#27;[34mwhere&amp#27;[0m
        c1_0.company_id=?
&amp#27;[35m[Hibernate]&amp#27;[0m 
    &amp#27;[34mselect&amp#27;[0m
        &amp#27;[34mnull&amp#27;[0m,
        w1_0.end_date,
        w1_0.salary,
        w1_0.start_date 
    &amp#27;[34mfrom&amp#27;[0m
        workhistory w1_0 
    &amp#27;[34mwhere&amp#27;[0m
        w1_0.applicant_id=? 
        &amp#27;[34mand&amp#27;[0m w1_0.company_id=? 
        &amp#27;[34mand&amp#27;[0m w1_0.position_id=?
&amp#27;[35m[Hibernate]&amp#27;[0m 
    &amp#27;[34mdelete&amp#27;[0m 
    &amp#27;[34mfrom&amp#27;[0m
        workhistory 
    &amp#27;[34mwhere&amp#27;[0m
        applicant_id=? 
        &amp#27;[34mand&amp#27;[0m company_id=? 
        &amp#27;[34mand&amp#27;[0m position_id=?
&amp#27;[35m[Hibernate]&amp#27;[0m 
    &amp#27;[34mselect&amp#27;[0m
        w1_0.applicant_id,
        w1_0.company_id,
        w1_0.position_id,
        w1_0.end_date,
        w1_0.salary,
        w1_0.start_date 
    &amp#27;[34mfrom&amp#27;[0m
        workhistory w1_0 
    &amp#27;[34mwhere&amp#27;[0m
        w1_0.applicant_id=? 
        &amp#27;[34mand&amp#27;[0m w1_0.company_id=? 
        &amp#27;[34mand&amp#27;[0m w1_0.position_id=?
findByObj error: jakarta.persistence.NoResultException: No result found for query [SELECT wh FROM Workhistory wh WHERE wh.applicant = :applicant AND wh.company = :company AND wh.position = :position ]
]]></system-out>
  </testcase>
  <testcase name="testFindByObj" classname="com.prosphere.ras.WorkhistoryTests" time="0.013">
    <system-out><![CDATA[&amp#27;[35m[Hibernate]&amp#27;[0m 
    &amp#27;[34mselect&amp#27;[0m
        a1_0.id,
        a1_0.apartment,
        a1_0.building,
        a1_0.first_name,
        a1_0.last_name,
        a1_0.middle_name,
        s1_0.id,
        s1_0.name,
        a1_0.sought_salary,
        a1_0.street,
        a2_0.applicant_id,
        a2_0.speciality_id,
        s2_0.id,
        s2_0.name,
        a2_0.university_id,
        u1_0.id,
        u1_0.name 
    &amp#27;[34mfrom&amp#27;[0m
        applicant a1_0 
    &amp#27;[34mleft&amp#27;[0m &amp#27;[34mjoin&amp#27;[0m
        position s1_0 
            &amp#27;[34mon&amp#27;[0m s1_0.id=a1_0.sought_post 
    &amp#27;[34mleft&amp#27;[0m &amp#27;[34mjoin&amp#27;[0m
        education a2_0 
            &amp#27;[34mon&amp#27;[0m a1_0.id=a2_0.applicant_id 
    &amp#27;[34mleft&amp#27;[0m &amp#27;[34mjoin&amp#27;[0m
        speciality s2_0 
            &amp#27;[34mon&amp#27;[0m s2_0.id=a2_0.speciality_id 
    &amp#27;[34mleft&amp#27;[0m &amp#27;[34mjoin&amp#27;[0m
        university u1_0 
            &amp#27;[34mon&amp#27;[0m u1_0.id=a2_0.university_id 
    &amp#27;[34mwhere&amp#27;[0m
        a1_0.id=?
&amp#27;[35m[Hibernate]&amp#27;[0m 
    &amp#27;[34mselect&amp#27;[0m
        a1_0.applicant_id,
        a1_0.company_id,
        c1_0.id,
        c1_0.name,
        a1_0.position_id,
        p1_0.id,
        p1_0.name,
        a1_0.end_date,
        a1_0.salary,
        a1_0.start_date 
    &amp#27;[34mfrom&amp#27;[0m
        workhistory a1_0 
    &amp#27;[34mjoin&amp#27;[0m
        company c1_0 
            &amp#27;[34mon&amp#27;[0m c1_0.id=a1_0.company_id 
    &amp#27;[34mjoin&amp#27;[0m
        position p1_0 
            &amp#27;[34mon&amp#27;[0m p1_0.id=a1_0.position_id 
    &amp#27;[34mwhere&amp#27;[0m
        a1_0.applicant_id=?
&amp#27;[35m[Hibernate]&amp#27;[0m 
    &amp#27;[34mselect&amp#27;[0m
        c1_0.company_id,
        c1_0.position_id,
        p1_0.id,
        p1_0.name,
        c1_0.req_exp,
        r1_0.id,
        r1_0.name,
        c1_0.salary 
    &amp#27;[34mfrom&amp#27;[0m
        vacancy c1_0 
    &amp#27;[34mjoin&amp#27;[0m
        position p1_0 
            &amp#27;[34mon&amp#27;[0m p1_0.id=c1_0.position_id 
    &amp#27;[34mleft&amp#27;[0m &amp#27;[34mjoin&amp#27;[0m
        speciality r1_0 
            &amp#27;[34mon&amp#27;[0m r1_0.id=c1_0.req_spec 
    &amp#27;[34mwhere&amp#27;[0m
        c1_0.company_id=?
&amp#27;[35m[Hibernate]&amp#27;[0m 
    &amp#27;[34mselect&amp#27;[0m
        c1_0.company_id,
        c1_0.position_id,
        p1_0.id,
        p1_0.name,
        c1_0.req_exp,
        r1_0.id,
        r1_0.name,
        c1_0.salary 
    &amp#27;[34mfrom&amp#27;[0m
        vacancy c1_0 
    &amp#27;[34mjoin&amp#27;[0m
        position p1_0 
            &amp#27;[34mon&amp#27;[0m p1_0.id=c1_0.position_id 
    &amp#27;[34mleft&amp#27;[0m &amp#27;[34mjoin&amp#27;[0m
        speciality r1_0 
            &amp#27;[34mon&amp#27;[0m r1_0.id=c1_0.req_spec 
    &amp#27;[34mwhere&amp#27;[0m
        c1_0.company_id=?
&amp#27;[35m[Hibernate]&amp#27;[0m 
    &amp#27;[34mselect&amp#27;[0m
        c1_0.id,
        c1_0.name,
        c2_0.company_id,
        c2_0.position_id,
        p1_0.id,
        p1_0.name,
        c2_0.req_exp,
        r1_0.id,
        r1_0.name,
        c2_0.salary 
    &amp#27;[34mfrom&amp#27;[0m
        company c1_0 
    &amp#27;[34mleft&amp#27;[0m &amp#27;[34mjoin&amp#27;[0m
        vacancy c2_0 
            &amp#27;[34mon&amp#27;[0m c1_0.id=c2_0.company_id 
    &amp#27;[34mleft&amp#27;[0m &amp#27;[34mjoin&amp#27;[0m
        position p1_0 
            &amp#27;[34mon&amp#27;[0m p1_0.id=c2_0.position_id 
    &amp#27;[34mleft&amp#27;[0m &amp#27;[34mjoin&amp#27;[0m
        speciality r1_0 
            &amp#27;[34mon&amp#27;[0m r1_0.id=c2_0.req_spec 
    &amp#27;[34mwhere&amp#27;[0m
        c1_0.id=?
&amp#27;[35m[Hibernate]&amp#27;[0m 
    &amp#27;[34mselect&amp#27;[0m
        p1_0.id,
        p1_0.name 
    &amp#27;[34mfrom&amp#27;[0m
        position p1_0 
    &amp#27;[34mwhere&amp#27;[0m
        p1_0.id=?
&amp#27;[35m[Hibernate]&amp#27;[0m 
    &amp#27;[34mselect&amp#27;[0m
        w1_0.applicant_id,
        w1_0.company_id,
        w1_0.position_id,
        w1_0.end_date,
        w1_0.salary,
        w1_0.start_date 
    &amp#27;[34mfrom&amp#27;[0m
        workhistory w1_0 
    &amp#27;[34mwhere&amp#27;[0m
        w1_0.applicant_id=? 
        &amp#27;[34mand&amp#27;[0m w1_0.company_id=? 
        &amp#27;[34mand&amp#27;[0m w1_0.position_id=?
&amp#27;[35m[Hibernate]&amp#27;[0m 
    &amp#27;[34mselect&amp#27;[0m
        a1_0.id,
        a1_0.apartment,
        a1_0.building,
        a1_0.first_name,
        a1_0.last_name,
        a1_0.middle_name,
        s1_0.id,
        s1_0.name,
        a1_0.sought_salary,
        a1_0.street,
        a2_0.applicant_id,
        a2_0.speciality_id,
        s2_0.id,
        s2_0.name,
        a2_0.university_id,
        u1_0.id,
        u1_0.name 
    &amp#27;[34mfrom&amp#27;[0m
        applicant a1_0 
    &amp#27;[34mleft&amp#27;[0m &amp#27;[34mjoin&amp#27;[0m
        position s1_0 
            &amp#27;[34mon&amp#27;[0m s1_0.id=a1_0.sought_post 
    &amp#27;[34mleft&amp#27;[0m &amp#27;[34mjoin&amp#27;[0m
        education a2_0 
            &amp#27;[34mon&amp#27;[0m a1_0.id=a2_0.applicant_id 
    &amp#27;[34mleft&amp#27;[0m &amp#27;[34mjoin&amp#27;[0m
        speciality s2_0 
            &amp#27;[34mon&amp#27;[0m s2_0.id=a2_0.speciality_id 
    &amp#27;[34mleft&amp#27;[0m &amp#27;[34mjoin&amp#27;[0m
        university u1_0 
            &amp#27;[34mon&amp#27;[0m u1_0.id=a2_0.university_id 
    &amp#27;[34mwhere&amp#27;[0m
        a1_0.id=?
&amp#27;[35m[Hibernate]&amp#27;[0m 
    &amp#27;[34mselect&amp#27;[0m
        c1_0.id,
        c1_0.name,
        c2_0.company_id,
        c2_0.position_id,
        p1_0.id,
        p1_0.name,
        c2_0.req_exp,
        r1_0.id,
        r1_0.name,
        c2_0.salary 
    &amp#27;[34mfrom&amp#27;[0m
        company c1_0 
    &amp#27;[34mleft&amp#27;[0m &amp#27;[34mjoin&amp#27;[0m
        vacancy c2_0 
            &amp#27;[34mon&amp#27;[0m c1_0.id=c2_0.company_id 
    &amp#27;[34mleft&amp#27;[0m &amp#27;[34mjoin&amp#27;[0m
        position p1_0 
            &amp#27;[34mon&amp#27;[0m p1_0.id=c2_0.position_id 
    &amp#27;[34mleft&amp#27;[0m &amp#27;[34mjoin&amp#27;[0m
        speciality r1_0 
            &amp#27;[34mon&amp#27;[0m r1_0.id=c2_0.req_spec 
    &amp#27;[34mwhere&amp#27;[0m
        c1_0.id=?
&amp#27;[35m[Hibernate]&amp#27;[0m 
    &amp#27;[34mselect&amp#27;[0m
        a1_0.applicant_id,
        a1_0.company_id,
        c1_0.id,
        c1_0.name,
        a1_0.position_id,
        p1_0.id,
        p1_0.name,
        a1_0.end_date,
        a1_0.salary,
        a1_0.start_date 
    &amp#27;[34mfrom&amp#27;[0m
        workhistory a1_0 
    &amp#27;[34mjoin&amp#27;[0m
        company c1_0 
            &amp#27;[34mon&amp#27;[0m c1_0.id=a1_0.company_id 
    &amp#27;[34mjoin&amp#27;[0m
        position p1_0 
            &amp#27;[34mon&amp#27;[0m p1_0.id=a1_0.position_id 
    &amp#27;[34mwhere&amp#27;[0m
        a1_0.applicant_id=?
&amp#27;[35m[Hibernate]&amp#27;[0m 
    &amp#27;[34mselect&amp#27;[0m
        c1_0.company_id,
        c1_0.position_id,
        p1_0.id,
        p1_0.name,
        c1_0.req_exp,
        r1_0.id,
        r1_0.name,
        c1_0.salary 
    &amp#27;[34mfrom&amp#27;[0m
        vacancy c1_0 
    &amp#27;[34mjoin&amp#27;[0m
        position p1_0 
            &amp#27;[34mon&amp#27;[0m p1_0.id=c1_0.position_id 
    &amp#27;[34mleft&amp#27;[0m &amp#27;[34mjoin&amp#27;[0m
        speciality r1_0 
            &amp#27;[34mon&amp#27;[0m r1_0.id=c1_0.req_spec 
    &amp#27;[34mwhere&amp#27;[0m
        c1_0.company_id=?
]]></system-out>
  </testcase>
</testsuite>